::1 - - [25/Jul/2023:08:36:06 +0000] "POST /api/product HTTP/1.1" 200 16 "-" "PostmanRuntime/7.32.3"
::1 - - [25/Jul/2023:08:36:37 +0000] "POST /api/product HTTP/1.1" 200 16 "-" "PostmanRuntime/7.32.3"
::1 - - [25/Jul/2023:08:36:43 +0000] "POST /api/product HTTP/1.1" 200 16 "-" "PostmanRuntime/7.32.3"
::1 - - [25/Jul/2023:08:36:57 +0000] "POST /api/product HTTP/1.1" 200 16 "-" "PostmanRuntime/7.32.3"
::1 - - [25/Jul/2023:08:37:48 +0000] "POST /api/product HTTP/1.1" 500 679 "-" "PostmanRuntime/7.32.3"
::1 - - [25/Jul/2023:08:39:45 +0000] "POST /api/product HTTP/1.1" 500 679 "-" "PostmanRuntime/7.32.3"
::1 - - [25/Jul/2023:08:39:46 +0000] "POST /api/product HTTP/1.1" 500 679 "-" "PostmanRuntime/7.32.3"
::1 - - [25/Jul/2023:08:41:46 +0000] "POST /api/product HTTP/1.1" 500 292 "-" "PostmanRuntime/7.32.3"
::1 - - [25/Jul/2023:08:42:40 +0000] "POST /api/product HTTP/1.1" 500 292 "-" "PostmanRuntime/7.32.3"
::1 - - [25/Jul/2023:08:43:21 +0000] "POST /api/product HTTP/1.1" 200 16 "-" "PostmanRuntime/7.32.3"
::1 - - [25/Jul/2023:09:00:33 +0000] "POST /api/product HTTP/1.1" 500 1303 "-" "PostmanRuntime/7.32.3"
::1 - - [25/Jul/2023:09:01:52 +0000] "POST /api/product HTTP/1.1" 500 1303 "-" "PostmanRuntime/7.32.3"
::1 - - [25/Jul/2023:09:04:56 +0000] "POST /api/product HTTP/1.1" 500 1303 "-" "PostmanRuntime/7.32.3"
::1 - - [25/Jul/2023:09:06:51 +0000] "POST /api/product HTTP/1.1" 500 1374 "-" "PostmanRuntime/7.32.3"
::1 - - [25/Jul/2023:09:07:51 +0000] "POST /api/product HTTP/1.1" 200 2263 "-" "PostmanRuntime/7.32.3"
::1 - - [25/Jul/2023:09:28:51 +0000] "GET /api/subcategory HTTP/1.1" 404 154 "-" "PostmanRuntime/7.32.3"
::1 - - [25/Jul/2023:09:29:05 +0000] "GET /api/subcategory HTTP/1.1" 404 154 "-" "PostmanRuntime/7.32.3"
::1 - - [25/Jul/2023:09:29:14 +0000] "GET /api/subcategory HTTP/1.1" 200 2088 "-" "PostmanRuntime/7.32.3"
::1 - - [25/Jul/2023:09:39:45 +0000] "GET /api/subcategory HTTP/1.1" 200 2486 "-" "PostmanRuntime/7.32.3"
::1 - - [25/Jul/2023:09:42:20 +0000] "POST /api/product HTTP/1.1" - - "-" "PostmanRuntime/7.32.3"
::1 - - [25/Jul/2023:09:42:37 +0000] "GET /api/subcategory HTTP/1.1" 200 2486 "-" "PostmanRuntime/7.32.3"
::1 - - [25/Jul/2023:09:44:08 +0000] "POST /api/product HTTP/1.1" - - "-" "PostmanRuntime/7.32.3"
::1 - - [25/Jul/2023:09:44:27 +0000] "POST /api/product HTTP/1.1" 200 16 "-" "PostmanRuntime/7.32.3"
::1 - - [25/Jul/2023:09:44:44 +0000] "POST /api/product HTTP/1.1" 200 16 "-" "PostmanRuntime/7.32.3"
::1 - - [25/Jul/2023:09:47:16 +0000] "POST /api/product HTTP/1.1" 200 16 "-" "PostmanRuntime/7.32.3"
::1 - - [25/Jul/2023:09:48:00 +0000] "POST /api/product HTTP/1.1" - - "-" "PostmanRuntime/7.32.3"
::1 - - [25/Jul/2023:09:48:12 +0000] "POST /api/product HTTP/1.1" 500 1473 "-" "PostmanRuntime/7.32.3"
::1 - - [25/Jul/2023:09:48:30 +0000] "POST /api/product HTTP/1.1" 200 16 "-" "PostmanRuntime/7.32.3"
::1 - - [25/Jul/2023:09:48:48 +0000] "POST /api/product HTTP/1.1" 500 1473 "-" "PostmanRuntime/7.32.3"
::1 - - [25/Jul/2023:09:50:03 +0000] "POST /api/product HTTP/1.1" - - "-" "PostmanRuntime/7.32.3"
::1 - - [25/Jul/2023:09:50:24 +0000] "POST /api/product HTTP/1.1" 200 2279 "-" "PostmanRuntime/7.32.3"
::1 - - [25/Jul/2023:09:55:51 +0000] "POST /api/product HTTP/1.1" 200 2473 "-" "PostmanRuntime/7.32.3"
::1 - - [25/Jul/2023:09:56:04 +0000] "GET /api/subcategory HTTP/1.1" 200 2486 "-" "PostmanRuntime/7.32.3"
::1 - - [25/Jul/2023:09:57:20 +0000] "GET /api/subcategory HTTP/1.1" 200 2486 "-" "PostmanRuntime/7.32.3"
::1 - - [25/Jul/2023:09:57:48 +0000] "GET /api/subcategory HTTP/1.1" 200 2486 "-" "PostmanRuntime/7.32.3"
::1 - - [25/Jul/2023:09:59:13 +0000] "GET /api/subcategory HTTP/1.1" 200 2486 "-" "PostmanRuntime/7.32.3"
::1 - - [25/Jul/2023:10:00:40 +0000] "GET /api/subcategory HTTP/1.1" 500 357 "-" "PostmanRuntime/7.32.3"
::1 - - [25/Jul/2023:10:01:15 +0000] "GET /api/subcategory HTTP/1.1" 500 357 "-" "PostmanRuntime/7.32.3"
::1 - - [25/Jul/2023:10:01:33 +0000] "GET /api/subcategory HTTP/1.1" 500 357 "-" "PostmanRuntime/7.32.3"
::1 - - [25/Jul/2023:10:02:08 +0000] "GET /api/subcategory HTTP/1.1" 500 357 "-" "PostmanRuntime/7.32.3"
::1 - - [25/Jul/2023:10:02:18 +0000] "GET /api/subcategory HTTP/1.1" 200 2343 "-" "PostmanRuntime/7.32.3"
::1 - - [25/Jul/2023:10:02:32 +0000] "GET /api/subcategory HTTP/1.1" 200 7191 "-" "PostmanRuntime/7.32.3"
::1 - - [25/Jul/2023:10:08:30 +0000] "POST /api/product HTTP/1.1" 200 2188 "-" "PostmanRuntime/7.32.3"
::1 - - [25/Jul/2023:10:08:43 +0000] "GET /subcategory HTTP/1.1" 404 150 "-" "Mozilla/5.0 (Macintosh; Intel Mac OS X 10_15_7) AppleWebKit/537.36 (KHTML, like Gecko) Chrome/114.0.0.0 Safari/537.36"
::1 - - [25/Jul/2023:10:08:47 +0000] "GET /api/subcategory HTTP/1.1" 200 9362 "-" "Mozilla/5.0 (Macintosh; Intel Mac OS X 10_15_7) AppleWebKit/537.36 (KHTML, like Gecko) Chrome/114.0.0.0 Safari/537.36"
::1 - - [25/Jul/2023:10:22:53 +0000] "GET /api/subcategory HTTP/1.1" 200 9362 "-" "PostmanRuntime/7.32.3"
::1 - - [25/Jul/2023:10:23:09 +0000] "GET /api/subcategory/64bdf003add640ed84142635/product HTTP/1.1" 500 1390 "-" "PostmanRuntime/7.32.3"
::1 - - [25/Jul/2023:10:23:33 +0000] "GET /api/subcategory/64bdf003add640ed84142635/product HTTP/1.1" 200 16 "-" "PostmanRuntime/7.32.3"
::1 - - [25/Jul/2023:10:24:20 +0000] "GET /api/subcategory/64bdf003add640ed84142635/product HTTP/1.1" 500 1390 "-" "PostmanRuntime/7.32.3"
::1 - - [25/Jul/2023:10:24:42 +0000] "GET /api/subcategory/64bdf003add640ed84142635/product HTTP/1.1" 200 26 "-" "PostmanRuntime/7.32.3"
::1 - - [25/Jul/2023:10:25:27 +0000] "GET /api/subcategory/64bdf003add640ed84142635/product HTTP/1.1" 200 26 "-" "PostmanRuntime/7.32.3"
::1 - - [25/Jul/2023:10:26:03 +0000] "GET /api/subcategory/64bdf003add640ed84142635/product HTTP/1.1" 200 26 "-" "PostmanRuntime/7.32.3"
::1 - - [25/Jul/2023:10:32:00 +0000] "GET /api/subcategory/64bdf003add640ed84142635/product HTTP/1.1" 200 6902 "-" "PostmanRuntime/7.32.3"
::1 - - [25/Jul/2023:10:32:26 +0000] "GET /api/subcategory/64bdf003add640ed84142635/product HTTP/1.1" 500 1363 "-" "PostmanRuntime/7.32.3"
::1 - - [25/Jul/2023:10:32:33 +0000] "GET /api/subcategory/64bdf003add640ed84142635/product HTTP/1.1" 500 1390 "-" "PostmanRuntime/7.32.3"
::1 - - [25/Jul/2023:10:34:50 +0000] "GET /api/subcategory/64bdf003add640ed84142635/product HTTP/1.1" 500 1390 "-" "PostmanRuntime/7.32.3"
::1 - - [25/Jul/2023:10:35:05 +0000] "GET /api/subcategory/64bdf003add640ed84142635/product HTTP/1.1" 200 16 "-" "PostmanRuntime/7.32.3"
::1 - - [25/Jul/2023:10:35:55 +0000] "GET /api/subcategory/64bdf003add640ed84142635/product HTTP/1.1" 500 1390 "-" "PostmanRuntime/7.32.3"
::1 - - [25/Jul/2023:10:36:16 +0000] "GET /api/subcategory/64bdf003add640ed84142635/product HTTP/1.1" 200 6902 "-" "PostmanRuntime/7.32.3"
::1 - - [25/Jul/2023:10:36:40 +0000] "GET /api/subcategory/64bdf003add640ed84142635/product HTTP/1.1" 200 6912 "-" "PostmanRuntime/7.32.3"
::1 - - [25/Jul/2023:10:37:44 +0000] "GET /api/subcategory/64bdf003add640ed84142635/product HTTP/1.1" 200 36 "-" "PostmanRuntime/7.32.3"
::1 - - [25/Jul/2023:10:38:57 +0000] "GET /api/subcategory/64bdf003add640ed84142635/product HTTP/1.1" 200 36 "-" "PostmanRuntime/7.32.3"
::1 - - [25/Jul/2023:10:39:12 +0000] "GET /api/subcategory/64bdf003add640ed84142635/product HTTP/1.1" 200 36 "-" "PostmanRuntime/7.32.3"
::1 - - [25/Jul/2023:10:41:39 +0000] "GET /api/subcategory/64bdf003add640ed84142635/product HTTP/1.1" 200 6912 "-" "PostmanRuntime/7.32.3"
::1 - - [25/Jul/2023:10:57:49 +0000] "GET /api/subcategory HTTP/1.1" 200 9364 "-" "PostmanRuntime/7.32.3"
::1 - - [25/Jul/2023:11:01:53 +0000] "POST /api/subcategory HTTP/1.1" 404 155 "-" "PostmanRuntime/7.32.3"
::1 - - [25/Jul/2023:11:02:01 +0000] "POST /api/product HTTP/1.1" 500 1409 "-" "PostmanRuntime/7.32.3"
::1 - - [25/Jul/2023:11:03:08 +0000] "POST /api/product HTTP/1.1" 500 1409 "-" "PostmanRuntime/7.32.3"
::1 - - [25/Jul/2023:11:03:34 +0000] "POST /api/product HTTP/1.1" 500 1419 "-" "PostmanRuntime/7.32.3"
::1 - - [25/Jul/2023:11:04:26 +0000] "POST /api/product HTTP/1.1" 200 183 "-" "PostmanRuntime/7.32.3"
::1 - - [25/Jul/2023:11:05:18 +0000] "GET /api/subcategory HTTP/1.1" 200 9448 "-" "PostmanRuntime/7.32.3"
::1 - - [25/Jul/2023:11:06:13 +0000] "GET /api/subcategory HTTP/1.1" 200 9448 "-" "PostmanRuntime/7.32.3"
::1 - - [25/Jul/2023:11:06:17 +0000] "POST /api/product HTTP/1.1" 200 181 "-" "PostmanRuntime/7.32.3"
::1 - - [25/Jul/2023:11:07:14 +0000] "POST /api/product HTTP/1.1" 200 181 "-" "PostmanRuntime/7.32.3"
::1 - - [25/Jul/2023:11:09:04 +0000] "POST /api/product HTTP/1.1" 200 180 "-" "PostmanRuntime/7.32.3"
::1 - - [25/Jul/2023:11:10:15 +0000] "POST /api/product HTTP/1.1" 200 181 "-" "PostmanRuntime/7.32.3"
::1 - - [25/Jul/2023:11:10:20 +0000] "GET /api/subcategory HTTP/1.1" 200 10079 "-" "PostmanRuntime/7.32.3"
::1 - - [25/Jul/2023:11:11:14 +0000] "POST /api/product HTTP/1.1" 200 180 "-" "PostmanRuntime/7.32.3"
::1 - - [25/Jul/2023:11:11:55 +0000] "POST /api/product HTTP/1.1" 200 181 "-" "PostmanRuntime/7.32.3"
::1 - - [25/Jul/2023:11:12:15 +0000] "POST /api/product HTTP/1.1" 200 181 "-" "PostmanRuntime/7.32.3"
::1 - - [25/Jul/2023:11:12:31 +0000] "POST /api/product HTTP/1.1" 500 947 "-" "PostmanRuntime/7.32.3"
::1 - - [25/Jul/2023:11:19:30 +0000] "GET /api/subcategory HTTP/1.1" 200 9372 "-" "PostmanRuntime/7.32.3"
::1 - - [25/Jul/2023:11:19:45 +0000] "POST /api/product HTTP/1.1" 200 181 "-" "PostmanRuntime/7.32.3"
::1 - - [25/Jul/2023:11:19:48 +0000] "GET /api/subcategory HTTP/1.1" 200 9549 "-" "PostmanRuntime/7.32.3"
::1 - - [25/Jul/2023:11:19:52 +0000] "POST /api/product HTTP/1.1" 200 181 "-" "PostmanRuntime/7.32.3"
::1 - - [25/Jul/2023:11:19:55 +0000] "GET /api/subcategory HTTP/1.1" 200 9707 "-" "PostmanRuntime/7.32.3"
::1 - - [25/Jul/2023:11:22:38 +0000] "POST /api/product HTTP/1.1" 200 181 "-" "PostmanRuntime/7.32.3"
::1 - - [25/Jul/2023:11:22:43 +0000] "GET /api/subcategory HTTP/1.1" 200 9865 "-" "PostmanRuntime/7.32.3"
::1 - - [25/Jul/2023:11:23:40 +0000] "POST /api/product HTTP/1.1" 200 180 "-" "PostmanRuntime/7.32.3"
::1 - - [25/Jul/2023:11:23:47 +0000] "POST /api/product HTTP/1.1" 200 181 "-" "PostmanRuntime/7.32.3"
::1 - - [25/Jul/2023:11:23:50 +0000] "GET /api/subcategory HTTP/1.1" 200 10199 "-" "PostmanRuntime/7.32.3"
::1 - - [25/Jul/2023:11:27:37 +0000] "GET /api/subcategory HTTP/1.1" 200 9362 "-" "PostmanRuntime/7.32.3"
::1 - - [25/Jul/2023:11:27:55 +0000] "POST /api/product HTTP/1.1" 200 180 "-" "PostmanRuntime/7.32.3"
::1 - - [25/Jul/2023:11:27:59 +0000] "POST /api/product HTTP/1.1" 200 179 "-" "PostmanRuntime/7.32.3"
::1 - - [25/Jul/2023:11:28:02 +0000] "GET /api/subcategory HTTP/1.1" 200 9692 "-" "PostmanRuntime/7.32.3"
::1 - - [25/Jul/2023:11:44:42 +0000] "POST /api/product HTTP/1.1" 500 1473 "-" "PostmanRuntime/7.32.3"
::1 - - [25/Jul/2023:11:45:26 +0000] "POST /api/product HTTP/1.1" 500 673 "-" "PostmanRuntime/7.32.3"
::1 - - [25/Jul/2023:11:46:49 +0000] "POST /api/product HTTP/1.1" 200 6573 "-" "PostmanRuntime/7.32.3"
::1 - - [25/Jul/2023:11:47:05 +0000] "GET /api/subcategory HTTP/1.1" 200 15997 "-" "PostmanRuntime/7.32.3"
::1 - - [25/Jul/2023:11:48:35 +0000] "GET /api/subcategory HTTP/1.1" 200 15997 "-" "PostmanRuntime/7.32.3"
::1 - - [25/Jul/2023:11:49:24 +0000] "GET /api/subcategory HTTP/1.1" 500 350 "-" "PostmanRuntime/7.32.3"
::1 - - [25/Jul/2023:11:50:34 +0000] "GET /api/subcategory HTTP/1.1" 200 15997 "-" "PostmanRuntime/7.32.3"
::1 - - [25/Jul/2023:11:51:10 +0000] "GET /api/subcategory HTTP/1.1" 200 15997 "-" "PostmanRuntime/7.32.3"
::1 - - [25/Jul/2023:11:51:26 +0000] "GET /api/subcategory HTTP/1.1" 200 15997 "-" "PostmanRuntime/7.32.3"
::1 - - [25/Jul/2023:11:51:33 +0000] "GET /api/subcategory HTTP/1.1" 200 15997 "-" "PostmanRuntime/7.32.3"
::1 - - [25/Jul/2023:11:52:08 +0000] "GET /api/subcategory HTTP/1.1" 200 15997 "-" "PostmanRuntime/7.32.3"
::1 - - [25/Jul/2023:11:52:33 +0000] "GET /api/subcategory HTTP/1.1" 200 15997 "-" "PostmanRuntime/7.32.3"
::1 - - [25/Jul/2023:11:52:41 +0000] "GET /api/subcategory HTTP/1.1" 200 15997 "-" "PostmanRuntime/7.32.3"
::1 - - [25/Jul/2023:11:52:59 +0000] "GET /api/subcategory HTTP/1.1" 200 15997 "-" "PostmanRuntime/7.32.3"
::1 - - [25/Jul/2023:11:54:02 +0000] "GET /api/subcategory HTTP/1.1" 200 15997 "-" "PostmanRuntime/7.32.3"
::1 - - [25/Jul/2023:11:54:43 +0000] "GET /api/subcategory HTTP/1.1" 200 15997 "-" "PostmanRuntime/7.32.3"
::1 - - [25/Jul/2023:11:55:24 +0000] "GET /api/subcategory HTTP/1.1" 200 15997 "-" "PostmanRuntime/7.32.3"
::1 - - [25/Jul/2023:11:57:21 +0000] "GET /api/product HTTP/1.1" 200 13503 "-" "PostmanRuntime/7.32.3"
::1 - - [25/Jul/2023:11:57:42 +0000] "GET /api/product HTTP/1.1" 200 13503 "-" "PostmanRuntime/7.32.3"
::1 - - [25/Jul/2023:11:58:01 +0000] "GET /api/product HTTP/1.1" 200 13503 "-" "PostmanRuntime/7.32.3"
::1 - - [25/Jul/2023:11:58:22 +0000] "GET /api/product HTTP/1.1" 200 13503 "-" "PostmanRuntime/7.32.3"
::1 - - [25/Jul/2023:11:58:56 +0000] "GET /api/product HTTP/1.1" 200 13503 "-" "PostmanRuntime/7.32.3"
::1 - - [25/Jul/2023:11:59:35 +0000] "GET /api/product HTTP/1.1" 200 13503 "-" "PostmanRuntime/7.32.3"
::1 - - [25/Jul/2023:12:00:03 +0000] "GET /api/product HTTP/1.1" 200 13503 "-" "PostmanRuntime/7.32.3"
::1 - - [25/Jul/2023:12:00:12 +0000] "GET /api/product HTTP/1.1" 200 13503 "-" "PostmanRuntime/7.32.3"
::1 - - [25/Jul/2023:12:00:47 +0000] "GET /api/product HTTP/1.1" 200 13481 "-" "PostmanRuntime/7.32.3"
::1 - - [25/Jul/2023:12:02:46 +0000] "GET /api/product HTTP/1.1" 200 13503 "-" "PostmanRuntime/7.32.3"
::1 - - [25/Jul/2023:12:03:06 +0000] "GET /api/product HTTP/1.1" 500 353 "-" "PostmanRuntime/7.32.3"
::1 - - [25/Jul/2023:12:03:25 +0000] "GET /api/product HTTP/1.1" 200 13502 "-" "PostmanRuntime/7.32.3"
::1 - - [25/Jul/2023:12:03:45 +0000] "GET /api/product HTTP/1.1" 200 13462 "-" "PostmanRuntime/7.32.3"
::1 - - [25/Jul/2023:12:04:46 +0000] "POST /api/product HTTP/1.1" 200 6573 "-" "PostmanRuntime/7.32.3"
::1 - - [25/Jul/2023:12:05:21 +0000] "POST /api/product HTTP/1.1" 200 6803 "-" "PostmanRuntime/7.32.3"
::1 - - [25/Jul/2023:12:09:19 +0000] "POST /api/product HTTP/1.1" 200 7172 "-" "PostmanRuntime/7.32.3"
::1 - - [25/Jul/2023:12:12:50 +0000] "POST /api/product HTTP/1.1" 200 7083 "-" "PostmanRuntime/7.32.3"
::1 - - [25/Jul/2023:12:13:13 +0000] "GET /api/product HTTP/1.1" 200 27942 "-" "Mozilla/5.0 (Macintosh; Intel Mac OS X 10_15_7) AppleWebKit/537.36 (KHTML, like Gecko) Chrome/114.0.0.0 Safari/537.36"
::1 - - [25/Jul/2023:13:17:26 +0000] "POST /api/product HTTP/1.1" 500 1409 "-" "PostmanRuntime/7.32.3"
::1 - - [25/Jul/2023:13:19:53 +0000] "POST /api/product HTTP/1.1" 200 16 "-" "PostmanRuntime/7.32.3"
::1 - - [25/Jul/2023:13:22:04 +0000] "POST /api/product HTTP/1.1" 500 427 "-" "PostmanRuntime/7.32.3"
::1 - - [25/Jul/2023:13:24:01 +0000] "POST /api/product HTTP/1.1" 200 328 "-" "PostmanRuntime/7.32.3"
::1 - - [25/Jul/2023:13:27:06 +0000] "GET /api/product HTTP/1.1" 200 28247 "-" "PostmanRuntime/7.32.3"
::1 - - [25/Jul/2023:13:28:24 +0000] "POST /api/product/64bfccf129d82b06780e9594/photo HTTP/1.1" 500 71 "-" "PostmanRuntime/7.32.3"
::1 - - [25/Jul/2023:13:29:13 +0000] "POST /api/product/64bfccf129d82b06780e9594/photo HTTP/1.1" 500 59 "-" "PostmanRuntime/7.32.3"
::1 - - [25/Jul/2023:13:29:32 +0000] "POST /api/product/64bfccf129d82b06780e9594/photo HTTP/1.1" 500 59 "-" "PostmanRuntime/7.32.3"
::1 - - [25/Jul/2023:13:29:48 +0000] "POST /api/product/64bfccf129d82b06780e9594/photo HTTP/1.1" 200 328 "-" "PostmanRuntime/7.32.3"
::1 - - [25/Jul/2023:13:29:52 +0000] "POST /api/product/64bfccf129d82b06780e9594/photo HTTP/1.1" 200 328 "-" "PostmanRuntime/7.32.3"
::1 - - [25/Jul/2023:13:30:18 +0000] "POST /api/product/64bfccf129d82b06780e9594/photo HTTP/1.1" 200 328 "-" "PostmanRuntime/7.32.3"
::1 - - [25/Jul/2023:13:30:53 +0000] "POST /api/product/64bfccf129d82b06780e9594/photo HTTP/1.1" 200 328 "-" "PostmanRuntime/7.32.3"
::1 - - [25/Jul/2023:13:32:01 +0000] "POST /api/product/64bfccf129d82b06780e9594/photo HTTP/1.1" 500 71 "-" "PostmanRuntime/7.32.3"
::1 - - [25/Jul/2023:13:33:13 +0000] "POST /api/product/64bfccf129d82b06780e9594/photo HTTP/1.1" 400 87 "-" "PostmanRuntime/7.32.3"
::1 - - [25/Jul/2023:13:33:53 +0000] "POST /api/product/64bfccf129d82b06780e9594/photo HTTP/1.1" 400 87 "-" "PostmanRuntime/7.32.3"
::1 - - [25/Jul/2023:13:34:11 +0000] "POST /api/product/64bfccf129d82b06780e9594/photo HTTP/1.1" 200 328 "-" "PostmanRuntime/7.32.3"
::1 - - [25/Jul/2023:13:34:21 +0000] "POST /api/product/64bfccf129d82b06780e9594/photo HTTP/1.1" 400 87 "-" "PostmanRuntime/7.32.3"
::1 - - [25/Jul/2023:13:34:28 +0000] "POST /api/product/64bfccf129d82b06780e9594/photo HTTP/1.1" 200 328 "-" "PostmanRuntime/7.32.3"
::1 - - [25/Jul/2023:13:34:39 +0000] "POST /api/product/64bfccf129d82b06780e9594/photo HTTP/1.1" 200 328 "-" "PostmanRuntime/7.32.3"
::1 - - [25/Jul/2023:13:37:01 +0000] "POST /api/product/64bfccf129d82b06780e9594/photo HTTP/1.1" 400 96 "-" "PostmanRuntime/7.32.3"
::1 - - [25/Jul/2023:13:37:40 +0000] "POST /api/product/64bfccf129d82b06780e9594/photo HTTP/1.1" 200 328 "-" "PostmanRuntime/7.32.3"
::1 - - [25/Jul/2023:13:39:10 +0000] "POST /api/product/64bfccf129d82b06780e9594/photo HTTP/1.1" 200 328 "-" "PostmanRuntime/7.32.3"
::1 - - [25/Jul/2023:13:40:29 +0000] "POST /api/product/64bfccf129d82b06780e9594/photo HTTP/1.1" 200 328 "-" "PostmanRuntime/7.32.3"
::1 - - [25/Jul/2023:13:42:30 +0000] "POST /api/product/64bfccf129d82b06780e9594/photo HTTP/1.1" 200 328 "-" "PostmanRuntime/7.32.3"
::1 - - [25/Jul/2023:13:43:25 +0000] "POST /api/product/64bfccf129d82b06780e9594/photo HTTP/1.1" 500 104 "-" "PostmanRuntime/7.32.3"
::1 - - [25/Jul/2023:13:44:06 +0000] "POST /api/product/64bfccf129d82b06780e9594/photo HTTP/1.1" 200 354 "-" "PostmanRuntime/7.32.3"
::1 - - [25/Jul/2023:13:44:26 +0000] "POST /api/product/64bfccf129d82b06780e9594/photo HTTP/1.1" 200 354 "-" "PostmanRuntime/7.32.3"
::1 - - [25/Jul/2023:13:46:00 +0000] "POST /api/product/64bfccf129d82b06780e9594/photo HTTP/1.1" 200 487 "-" "PostmanRuntime/7.32.3"
::1 - - [25/Jul/2023:13:48:50 +0000] "POST /api/product/64bfccf129d82b06780e9594/photo HTTP/1.1" 200 660 "-" "PostmanRuntime/7.32.3"
::1 - - [25/Jul/2023:14:36:09 +0000] "POST /api/user/register HTTP/1.1" 404 157 "-" "PostmanRuntime/7.32.3"
::1 - - [25/Jul/2023:14:36:50 +0000] "POST /api/users/register HTTP/1.1" 200 603 "-" "PostmanRuntime/7.32.3"
::1 - - [25/Jul/2023:14:38:36 +0000] "GET /api/product HTTP/1.1" 200 28803 "-" "PostmanRuntime/7.32.3"
::1 - - [25/Jul/2023:14:38:47 +0000] "POST /api/comment HTTP/1.1" 200 29 "-" "PostmanRuntime/7.32.3"
::1 - - [25/Jul/2023:14:39:43 +0000] "POST /api/comment HTTP/1.1" 200 29 "-" "PostmanRuntime/7.32.3"
::1 - - [25/Jul/2023:14:40:38 +0000] "POST /api/comment HTTP/1.1" 200 29 "-" "PostmanRuntime/7.32.3"
::1 - - [25/Jul/2023:14:41:15 +0000] "POST /api/comment HTTP/1.1" 200 207 "-" "PostmanRuntime/7.32.3"
::1 - - [25/Jul/2023:14:41:29 +0000] "GET /api/product HTTP/1.1" 200 28803 "-" "PostmanRuntime/7.32.3"
::1 - - [25/Jul/2023:14:42:01 +0000] "GET /api/product HTTP/1.1" 200 29074 "-" "PostmanRuntime/7.32.3"
::1 - - [26/Jul/2023:01:23:14 +0000] "GET /subcategory HTTP/1.1" 404 150 "-" "Mozilla/5.0 (Macintosh; Intel Mac OS X 10_15_7) AppleWebKit/537.36 (KHTML, like Gecko) Chrome/114.0.0.0 Safari/537.36"
::1 - - [26/Jul/2023:01:23:15 +0000] "GET /subcategory HTTP/1.1" 404 150 "-" "Mozilla/5.0 (Macintosh; Intel Mac OS X 10_15_7) AppleWebKit/537.36 (KHTML, like Gecko) Chrome/114.0.0.0 Safari/537.36"
::1 - - [26/Jul/2023:01:23:24 +0000] "GET /api/subcategory HTTP/1.1" 200 31317 "-" "Mozilla/5.0 (Macintosh; Intel Mac OS X 10_15_7) AppleWebKit/537.36 (KHTML, like Gecko) Chrome/114.0.0.0 Safari/537.36"
::1 - - [26/Jul/2023:04:14:59 +0000] "GET /api/content HTTP/1.1" 404 150 "-" "PostmanRuntime/7.32.3"
::1 - - [26/Jul/2023:04:15:00 +0000] "GET /api/content HTTP/1.1" 404 150 "-" "PostmanRuntime/7.32.3"
::1 - - [26/Jul/2023:04:15:15 +0000] "GET /api/content HTTP/1.1" 404 150 "-" "PostmanRuntime/7.32.3"
::1 - - [26/Jul/2023:04:16:10 +0000] "GET /api/comment HTTP/1.1" 200 209 "-" "PostmanRuntime/7.32.3"
::1 - - [26/Jul/2023:04:22:17 +0000] "POST /api/users/login HTTP/1.1" 400 120 "-" "PostmanRuntime/7.32.3"
::1 - - [26/Jul/2023:04:22:24 +0000] "POST /api/users/login HTTP/1.1" 400 120 "-" "PostmanRuntime/7.32.3"
::1 - - [26/Jul/2023:04:23:31 +0000] "POST /api/users//forget-password HTTP/1.1" 200 72 "-" "PostmanRuntime/7.32.3"
::1 - - [26/Jul/2023:04:24:05 +0000] "POST /api/users//reset-password HTTP/1.1" 200 597 "-" "PostmanRuntime/7.32.3"
::1 - - [26/Jul/2023:04:24:11 +0000] "POST /api/users/login HTTP/1.1" 400 120 "-" "PostmanRuntime/7.32.3"
::1 - - [26/Jul/2023:04:24:13 +0000] "POST /api/users/login HTTP/1.1" 400 120 "-" "PostmanRuntime/7.32.3"
::1 - - [26/Jul/2023:04:24:33 +0000] "POST /api/users/login HTTP/1.1" 200 610 "-" "PostmanRuntime/7.32.3"
::1 - - [26/Jul/2023:04:26:35 +0000] "PUT /api/comment/64bfdf0ab50b386c3e3ddece HTTP/1.1" 404 175 "-" "PostmanRuntime/7.32.3"
::1 - - [26/Jul/2023:04:28:42 +0000] "PUT /api/comment/64bfdf0ab50b386c3e3ddece HTTP/1.1" 200 16 "-" "PostmanRuntime/7.32.3"
::1 - - [26/Jul/2023:04:30:23 +0000] "PUT /api/comment/64bfdf0ab50b386c3e3ddece HTTP/1.1" 403 131 "-" "PostmanRuntime/7.32.3"
::1 - - [26/Jul/2023:04:31:05 +0000] "PUT /api/comment/64bfdf0ab50b386c3e3ddece HTTP/1.1" 200 207 "-" "PostmanRuntime/7.32.3"
::1 - - [26/Jul/2023:04:32:25 +0000] "PUT /api/comment/64bfdf0ab50b386c3e3ddece HTTP/1.1" 200 207 "-" "PostmanRuntime/7.32.3"
::1 - - [26/Jul/2023:04:32:35 +0000] "PUT /api/comment/64bfdf0ab50b386c3e3ddece HTTP/1.1" 200 198 "-" "PostmanRuntime/7.32.3"
::1 - - [26/Jul/2023:04:32:43 +0000] "PUT /api/comment/64bfdf0ab50b386c3e3ddece HTTP/1.1" 200 207 "-" "PostmanRuntime/7.32.3"
::1 - - [26/Jul/2023:04:34:53 +0000] "DELETE /api/comment/64bfdf0ab50b386c3e3ddece HTTP/1.1" 200 207 "-" "PostmanRuntime/7.32.3"
::1 - - [26/Jul/2023:04:35:03 +0000] "GET /api/product HTTP/1.1" 200 28803 "-" "PostmanRuntime/7.32.3"
::1 - - [26/Jul/2023:04:35:30 +0000] "GET /api/subcategory/64bdf003add640ed84142635/product HTTP/1.1" 200 7049 "-" "PostmanRuntime/7.32.3"
::1 - - [26/Jul/2023:04:38:26 +0000] "GET /api/subcategory/64bdf003add640ed84142635/product HTTP/1.1" 200 7049 "-" "Mozilla/5.0 (Macintosh; Intel Mac OS X 10_15_7) AppleWebKit/537.36 (KHTML, like Gecko) Chrome/114.0.0.0 Safari/537.36"
::1 - - [26/Jul/2023:04:38:59 +0000] "GET /api/subcategory/64bdf003add640ed84142635/product HTTP/1.1" 500 177 "-" "Mozilla/5.0 (Macintosh; Intel Mac OS X 10_15_7) AppleWebKit/537.36 (KHTML, like Gecko) Chrome/114.0.0.0 Safari/537.36"
::1 - - [26/Jul/2023:04:39:05 +0000] "GET /api/subcategory/64bdf003add640ed84142635/product HTTP/1.1" 200 7049 "-" "Mozilla/5.0 (Macintosh; Intel Mac OS X 10_15_7) AppleWebKit/537.36 (KHTML, like Gecko) Chrome/114.0.0.0 Safari/537.36"
::1 - - [26/Jul/2023:04:39:27 +0000] "GET /api/subcategory HTTP/1.1" 304 - "-" "Mozilla/5.0 (Macintosh; Intel Mac OS X 10_15_7) AppleWebKit/537.36 (KHTML, like Gecko) Chrome/114.0.0.0 Safari/537.36"
::1 - - [26/Jul/2023:04:57:56 +0000] "GET /login HTTP/1.1" 404 144 "-" "Mozilla/5.0 (Macintosh; Intel Mac OS X 10_15_7) AppleWebKit/537.36 (KHTML, like Gecko) Chrome/114.0.0.0 Safari/537.36"
::1 - - [26/Jul/2023:04:57:58 +0000] "GET / HTTP/1.1" 404 139 "-" "Mozilla/5.0 (Macintosh; Intel Mac OS X 10_15_7) AppleWebKit/537.36 (KHTML, like Gecko) Chrome/114.0.0.0 Safari/537.36"
::1 - - [26/Jul/2023:05:04:54 +0000] "POST /api/wishlist HTTP/1.1" 200 15 "-" "PostmanRuntime/7.32.3"
::1 - - [26/Jul/2023:05:05:37 +0000] "POST /api/wishlist HTTP/1.1" 200 15 "-" "PostmanRuntime/7.32.3"
::1 - - [26/Jul/2023:05:13:36 +0000] "POST /api/wishlist HTTP/1.1" 500 104 "-" "PostmanRuntime/7.32.3"
::1 - - [26/Jul/2023:05:13:45 +0000] "POST /api/wishlist HTTP/1.1" 200 15 "-" "PostmanRuntime/7.32.3"
::1 - - [26/Jul/2023:05:14:00 +0000] "POST /api/wishlist HTTP/1.1" 200 15 "-" "PostmanRuntime/7.32.3"
::1 - - [26/Jul/2023:05:14:28 +0000] "POST /api/wishlist HTTP/1.1" 200 15 "-" "PostmanRuntime/7.32.3"
::1 - - [26/Jul/2023:05:14:44 +0000] "POST /api/wishlist HTTP/1.1" 200 15 "-" "PostmanRuntime/7.32.3"
::1 - - [26/Jul/2023:05:15:34 +0000] "POST /api/wishlist HTTP/1.1" 200 15 "-" "PostmanRuntime/7.32.3"
::1 - - [26/Jul/2023:05:17:45 +0000] "POST /api/wishlist HTTP/1.1" 500 68 "-" "PostmanRuntime/7.32.3"
::1 - - [26/Jul/2023:05:18:34 +0000] "POST /api/wishlist HTTP/1.1" 200 65 "-" "PostmanRuntime/7.32.3"
::1 - - [26/Jul/2023:05:19:04 +0000] "POST /api/wishlist HTTP/1.1" 200 65 "-" "PostmanRuntime/7.32.3"
::1 - - [26/Jul/2023:05:23:01 +0000] "POST /api/wishlist HTTP/1.1" 200 151 "-" "PostmanRuntime/7.32.3"
::1 - - [26/Jul/2023:05:23:26 +0000] "POST /api/wishlist HTTP/1.1" 500 144 "-" "PostmanRuntime/7.32.3"
::1 - - [26/Jul/2023:05:24:56 +0000] "POST /api/wishlist HTTP/1.1" 500 144 "-" "PostmanRuntime/7.32.3"
::1 - - [26/Jul/2023:05:25:38 +0000] "POST /api/wishlist HTTP/1.1" 200 151 "-" "PostmanRuntime/7.32.3"
::1 - - [26/Jul/2023:05:25:40 +0000] "POST /api/wishlist HTTP/1.1" 500 144 "-" "PostmanRuntime/7.32.3"
::1 - - [26/Jul/2023:05:25:58 +0000] "POST /api/wishlist HTTP/1.1" 500 144 "-" "PostmanRuntime/7.32.3"
::1 - - [26/Jul/2023:05:26:43 +0000] "POST /api/wishlist HTTP/1.1" 500 144 "-" "PostmanRuntime/7.32.3"
::1 - - [26/Jul/2023:05:27:39 +0000] "POST /api/wishlist HTTP/1.1" 500 168 "-" "PostmanRuntime/7.32.3"
::1 - - [26/Jul/2023:05:28:59 +0000] "POST /api/wishlist HTTP/1.1" 500 168 "-" "PostmanRuntime/7.32.3"
::1 - - [26/Jul/2023:05:32:20 +0000] "POST /api/wishlist HTTP/1.1" 200 151 "-" "PostmanRuntime/7.32.3"
::1 - - [26/Jul/2023:05:32:24 +0000] "POST /api/wishlist HTTP/1.1" 200 33 "-" "PostmanRuntime/7.32.3"
::1 - - [26/Jul/2023:05:39:07 +0000] "POST /api/wishlist HTTP/1.1" 200 136 "-" "PostmanRuntime/7.32.3"
::1 - - [26/Jul/2023:05:41:17 +0000] "POST /api/wishlist HTTP/1.1" 200 176 "-" "PostmanRuntime/7.32.3"
::1 - - [26/Jul/2023:05:42:41 +0000] "POST /api/wishlist HTTP/1.1" 500 446 "-" "PostmanRuntime/7.32.3"
::1 - - [26/Jul/2023:05:43:34 +0000] "POST /api/wishlist HTTP/1.1" 500 446 "-" "PostmanRuntime/7.32.3"
::1 - - [26/Jul/2023:05:44:55 +0000] "POST /api/wishlist HTTP/1.1" 200 58 "-" "PostmanRuntime/7.32.3"
::1 - - [26/Jul/2023:05:45:29 +0000] "POST /api/wishlist HTTP/1.1" 200 58 "-" "PostmanRuntime/7.32.3"
::1 - - [26/Jul/2023:05:45:40 +0000] "POST /api/wishlist HTTP/1.1" 200 58 "-" "PostmanRuntime/7.32.3"
::1 - - [26/Jul/2023:05:47:04 +0000] "POST /api/wishlist HTTP/1.1" 200 56 "-" "PostmanRuntime/7.32.3"
::1 - - [26/Jul/2023:05:47:53 +0000] "POST /api/wishlist HTTP/1.1" 200 56 "-" "PostmanRuntime/7.32.3"
::1 - - [26/Jul/2023:05:49:30 +0000] "POST /api/wishlist HTTP/1.1" 200 151 "-" "PostmanRuntime/7.32.3"
::1 - - [26/Jul/2023:05:49:39 +0000] "POST /api/wishlist HTTP/1.1" 200 56 "-" "PostmanRuntime/7.32.3"
::1 - - [26/Jul/2023:05:50:09 +0000] "POST /api/wishlist HTTP/1.1" 500 86 "-" "PostmanRuntime/7.32.3"
::1 - - [26/Jul/2023:09:40:58 +0000] "POST /api/wishlist HTTP/1.1" 200 40 "-" "PostmanRuntime/7.32.3"
::1 - - [26/Jul/2023:09:41:16 +0000] "POST /api/wishlist HTTP/1.1" 200 40 "-" "PostmanRuntime/7.32.3"
::1 - - [26/Jul/2023:09:41:43 +0000] "POST /api/wishlist HTTP/1.1" 200 40 "-" "PostmanRuntime/7.32.3"
