::1 - - [27/Jul/2023:04:15:04 +0000] "GET /api/wishlist HTTP/1.1" 200 153 "-" "PostmanRuntime/7.32.3"
::1 - - [27/Jul/2023:04:16:07 +0000] "POST /api/wishlist HTTP/1.1" 500 86 "-" "PostmanRuntime/7.32.3"
::1 - - [27/Jul/2023:04:26:58 +0000] "POST /api/wishlist HTTP/1.1" 500 86 "-" "PostmanRuntime/7.32.3"
::1 - - [27/Jul/2023:04:27:21 +0000] "POST /api/wishlist/add HTTP/1.1" 200 16 "-" "PostmanRuntime/7.32.3"
::1 - - [27/Jul/2023:04:27:31 +0000] "POST /api/wishlist/add HTTP/1.1" 200 28 "-" "PostmanRuntime/7.32.3"
::1 - - [27/Jul/2023:04:28:10 +0000] "POST /api/wishlist/add HTTP/1.1" 500 338 "-" "PostmanRuntime/7.32.3"
::1 - - [27/Jul/2023:04:28:14 +0000] "POST /api/wishlist/add HTTP/1.1" 500 338 "-" "PostmanRuntime/7.32.3"
::1 - - [27/Jul/2023:04:32:22 +0000] "POST /api/wishlist/add HTTP/1.1" 200 341 "-" "PostmanRuntime/7.32.3"
::1 - - [27/Jul/2023:04:34:00 +0000] "POST /api/wishlist/add HTTP/1.1" 200 355 "-" "PostmanRuntime/7.32.3"
::1 - - [27/Jul/2023:04:34:27 +0000] "POST /api/wishlist/add HTTP/1.1" 200 359 "-" "PostmanRuntime/7.32.3"
::1 - - [27/Jul/2023:04:34:41 +0000] "POST /api/users/login HTTP/1.1" 200 624 "-" "PostmanRuntime/7.32.3"
::1 - - [27/Jul/2023:04:34:50 +0000] "POST /api/wishlist/add HTTP/1.1" 500 138 "-" "PostmanRuntime/7.32.3"
::1 - - [27/Jul/2023:04:35:00 +0000] "POST /api/users/login HTTP/1.1" 200 624 "-" "PostmanRuntime/7.32.3"
::1 - - [27/Jul/2023:04:35:07 +0000] "POST /api/wishlist/add HTTP/1.1" 500 138 "-" "PostmanRuntime/7.32.3"
::1 - - [27/Jul/2023:04:35:47 +0000] "POST /api/users/login HTTP/1.1" 200 624 "-" "PostmanRuntime/7.32.3"
::1 - - [27/Jul/2023:04:35:51 +0000] "POST /api/wishlist/add HTTP/1.1" 200 359 "-" "PostmanRuntime/7.32.3"
::1 - - [27/Jul/2023:04:36:57 +0000] "POST /api/wishlist HTTP/1.1" 200 151 "-" "PostmanRuntime/7.32.3"
::1 - - [27/Jul/2023:04:37:02 +0000] "POST /api/wishlist/add HTTP/1.1" 200 359 "-" "PostmanRuntime/7.32.3"
::1 - - [27/Jul/2023:04:37:45 +0000] "POST /api/wishlist/add HTTP/1.1" 200 359 "-" "PostmanRuntime/7.32.3"
::1 - - [27/Jul/2023:04:41:38 +0000] "POST /api/users/add-to-wishlist HTTP/1.1" 200 340 "-" "PostmanRuntime/7.32.3"
::1 - - [27/Jul/2023:04:42:26 +0000] "POST /api/users/add-to-wishlist HTTP/1.1" 200 340 "-" "PostmanRuntime/7.32.3"
::1 - - [27/Jul/2023:04:42:57 +0000] "POST /api/users/add-to-wishlist HTTP/1.1" 200 340 "-" "PostmanRuntime/7.32.3"
::1 - - [27/Jul/2023:04:44:24 +0000] "POST /api/users/add-to-wishlist HTTP/1.1" 200 366 "-" "PostmanRuntime/7.32.3"
::1 - - [27/Jul/2023:04:45:32 +0000] "POST /api/users/register HTTP/1.1" 500 461 "-" "PostmanRuntime/7.32.3"
::1 - - [27/Jul/2023:04:46:16 +0000] "POST /api/users/register HTTP/1.1" 200 616 "-" "PostmanRuntime/7.32.3"
::1 - - [27/Jul/2023:04:46:26 +0000] "POST /api/users/login HTTP/1.1" 200 623 "-" "PostmanRuntime/7.32.3"
::1 - - [27/Jul/2023:04:46:29 +0000] "POST /api/wishlist/add HTTP/1.1" 404 156 "-" "PostmanRuntime/7.32.3"
::1 - - [27/Jul/2023:04:46:35 +0000] "POST /api/users/add-to-wishlist HTTP/1.1" 200 339 "-" "PostmanRuntime/7.32.3"
::1 - - [27/Jul/2023:04:48:59 +0000] "POST /api/users/add-to-wishlist HTTP/1.1" 500 96 "-" "PostmanRuntime/7.32.3"
::1 - - [27/Jul/2023:04:51:34 +0000] "POST /api/users/add-to-wishlist HTTP/1.1" 500 96 "-" "PostmanRuntime/7.32.3"
::1 - - [27/Jul/2023:04:52:14 +0000] "POST /api/users/add-to-wishlist HTTP/1.1" 200 16 "-" "PostmanRuntime/7.32.3"
::1 - - [27/Jul/2023:04:52:39 +0000] "POST /api/users/register HTTP/1.1" 200 616 "-" "PostmanRuntime/7.32.3"
::1 - - [27/Jul/2023:04:53:10 +0000] "POST /api/users/add-to-wishlist HTTP/1.1" 200 16 "-" "PostmanRuntime/7.32.3"
::1 - - [27/Jul/2023:04:53:31 +0000] "POST /api/users/add-to-wishlist HTTP/1.1" 200 16 "-" "PostmanRuntime/7.32.3"
::1 - - [27/Jul/2023:04:54:49 +0000] "POST /api/users/add-to-wishlist HTTP/1.1" 200 16 "-" "PostmanRuntime/7.32.3"
::1 - - [27/Jul/2023:04:55:26 +0000] "POST /api/users/add-to-wishlist HTTP/1.1" 200 16 "-" "PostmanRuntime/7.32.3"
::1 - - [27/Jul/2023:04:56:10 +0000] "POST /api/users/add-to-wishlist HTTP/1.1" 200 16 "-" "PostmanRuntime/7.32.3"
::1 - - [27/Jul/2023:04:58:00 +0000] "POST /api/users/add-to-wishlist HTTP/1.1" 500 60 "-" "PostmanRuntime/7.32.3"
::1 - - [27/Jul/2023:04:58:15 +0000] "POST /api/users/add-to-wishlist HTTP/1.1" 200 139 "-" "PostmanRuntime/7.32.3"
::1 - - [27/Jul/2023:04:58:37 +0000] "POST /api/wishlist HTTP/1.1" 404 152 "-" "PostmanRuntime/7.32.3"
::1 - - [27/Jul/2023:04:58:48 +0000] "POST /api/users/add-to-wishlist HTTP/1.1" 200 139 "-" "PostmanRuntime/7.32.3"
::1 - - [27/Jul/2023:05:03:11 +0000] "GET /api/users/add-to-wishlist HTTP/1.1" 500 177 "-" "PostmanRuntime/7.32.3"
::1 - - [27/Jul/2023:05:03:26 +0000] "GET /api/users/add-to-wishlist HTTP/1.1" 200 217 "-" "PostmanRuntime/7.32.3"
::1 - - [27/Jul/2023:05:07:12 +0000] "DELETE /api/users/add-to-wishlist/64c1f8135e05a14182076a0c HTTP/1.1" 404 192 "-" "PostmanRuntime/7.32.3"
::1 - - [27/Jul/2023:05:07:19 +0000] "DELETE /api/users/add-to-wishlist/64c1f8135e05a14182076a0c HTTP/1.1" 404 192 "-" "PostmanRuntime/7.32.3"
::1 - - [27/Jul/2023:05:07:59 +0000] "DELETE /api/users/add-to-wishlist/64c1f8135e05a14182076a0c HTTP/1.1" 404 192 "-" "PostmanRuntime/7.32.3"
::1 - - [27/Jul/2023:05:08:03 +0000] "DELETE /api/users/add-to-wishlist/ HTTP/1.1" 404 71 "-" "PostmanRuntime/7.32.3"
::1 - - [27/Jul/2023:05:08:18 +0000] "DELETE /api/users/add-to-wishlist/64c1f8135e05a14182076a0c HTTP/1.1" 404 71 "-" "PostmanRuntime/7.32.3"
::1 - - [27/Jul/2023:05:08:38 +0000] "DELETE /api/users/add-to-wishlist/64c1f8135e05a14182076a0c HTTP/1.1" 404 71 "-" "PostmanRuntime/7.32.3"
::1 - - [27/Jul/2023:05:08:55 +0000] "DELETE /api/users/add-to-wishlist/64c1f8135e05a14182076a0c HTTP/1.1" 404 71 "-" "PostmanRuntime/7.32.3"
::1 - - [27/Jul/2023:05:09:19 +0000] "DELETE /api/users/add-to-wishlist/64c1f8135e05a14182076a0c HTTP/1.1" 404 71 "-" "PostmanRuntime/7.32.3"
::1 - - [27/Jul/2023:05:09:33 +0000] "DELETE /api/users/add-to-wishlist/64c1f8135e05a14182076a0c HTTP/1.1" 404 71 "-" "PostmanRuntime/7.32.3"
::1 - - [27/Jul/2023:05:09:40 +0000] "DELETE /api/users/add-to-wishlist/64c1f8135e05a14182076a0c HTTP/1.1" 404 71 "-" "PostmanRuntime/7.32.3"
::1 - - [27/Jul/2023:05:10:00 +0000] "DELETE /api/users/add-to-wishlist/64c1f8135e05a14182076a0c HTTP/1.1" 404 71 "-" "PostmanRuntime/7.32.3"
::1 - - [27/Jul/2023:05:10:09 +0000] "DELETE /api/users/add-to-wishlist/64c1f8135e05a14182076a0c HTTP/1.1" 404 71 "-" "PostmanRuntime/7.32.3"
::1 - - [27/Jul/2023:05:10:48 +0000] "DELETE /api/users/add-to-wishlist/64c1f8135e05a14182076a0c HTTP/1.1" 200 139 "-" "PostmanRuntime/7.32.3"
::1 - - [27/Jul/2023:05:10:52 +0000] "DELETE /api/users/add-to-wishlist/64c1f8135e05a14182076a0c HTTP/1.1" 200 139 "-" "PostmanRuntime/7.32.3"
::1 - - [27/Jul/2023:05:11:05 +0000] "DELETE /api/users/add-to-wishlist/64c1f8135e05a14182076a0c HTTP/1.1" 200 16 "-" "PostmanRuntime/7.32.3"
::1 - - [27/Jul/2023:05:11:16 +0000] "DELETE /api/users/add-to-wishlist/64c1f8135e05a14182076a0c HTTP/1.1" 200 16 "-" "PostmanRuntime/7.32.3"
::1 - - [27/Jul/2023:05:11:55 +0000] "DELETE /api/users/add-to-wishlist/64c1f8135e05a14182076a0c HTTP/1.1" 200 16 "-" "PostmanRuntime/7.32.3"
::1 - - [27/Jul/2023:05:12:05 +0000] "DELETE /api/users/add-to-wishlist/64c1f8135e05a14182076a0c HTTP/1.1" 200 16 "-" "PostmanRuntime/7.32.3"
::1 - - [27/Jul/2023:05:12:15 +0000] "DELETE /api/users/add-to-wishlist/64c1f8135e05a14182076a0c HTTP/1.1" 200 16 "-" "PostmanRuntime/7.32.3"
::1 - - [27/Jul/2023:05:12:31 +0000] "DELETE /api/users/add-to-wishlist/64c1f8135e05a14182076a0c HTTP/1.1" 200 16 "-" "PostmanRuntime/7.32.3"
::1 - - [27/Jul/2023:05:12:44 +0000] "DELETE /api/users/add-to-wishlist/64c1f8135e05a14182076a0c HTTP/1.1" 200 16 "-" "PostmanRuntime/7.32.3"
::1 - - [27/Jul/2023:05:12:57 +0000] "DELETE /api/users/add-to-wishlist/64c1f8135e05a14182076a0c HTTP/1.1" 200 16 "-" "PostmanRuntime/7.32.3"
::1 - - [27/Jul/2023:05:13:07 +0000] "DELETE /api/users/add-to-wishlist/64c1f8135e05a14182076a0c HTTP/1.1" 200 16 "-" "PostmanRuntime/7.32.3"
::1 - - [27/Jul/2023:05:13:38 +0000] "DELETE /api/users/add-to-wishlist/64c1f8135e05a14182076a0c HTTP/1.1" 200 16 "-" "PostmanRuntime/7.32.3"
::1 - - [27/Jul/2023:05:14:57 +0000] "DELETE /api/users/add-to-wishlist/64c1f8135e05a14182076a0c HTTP/1.1" 200 16 "-" "PostmanRuntime/7.32.3"
::1 - - [27/Jul/2023:05:15:18 +0000] "DELETE /api/users/add-to-wishlist/64c1f8135e05a14182076a0c HTTP/1.1" 200 16 "-" "PostmanRuntime/7.32.3"
::1 - - [27/Jul/2023:05:15:55 +0000] "DELETE /api/users/add-to-wishlist/64c1f8135e05a14182076a0c HTTP/1.1" 200 16 "-" "PostmanRuntime/7.32.3"
::1 - - [27/Jul/2023:05:16:09 +0000] "DELETE /api/users/add-to-wishlist/64c1f8135e05a14182076a0c HTTP/1.1" 200 16 "-" "PostmanRuntime/7.32.3"
::1 - - [27/Jul/2023:05:17:09 +0000] "DELETE /api/users/add-to-wishlist/64c1f8135e05a14182076a0c HTTP/1.1" 500 72 "-" "PostmanRuntime/7.32.3"
::1 - - [27/Jul/2023:05:17:20 +0000] "DELETE /api/users/add-to-wishlist/64c1f8135e05a14182076a0c HTTP/1.1" 200 16 "-" "PostmanRuntime/7.32.3"
::1 - - [27/Jul/2023:05:17:47 +0000] "DELETE /api/users/add-to-wishlist/64c1f8135e05a14182076a0c HTTP/1.1" 200 16 "-" "PostmanRuntime/7.32.3"
::1 - - [27/Jul/2023:05:18:11 +0000] "DELETE /api/users/add-to-wishlist/64c1f8135e05a14182076a0c HTTP/1.1" 200 16 "-" "PostmanRuntime/7.32.3"
::1 - - [27/Jul/2023:05:20:30 +0000] "DELETE /api/users/add-to-wishlist/64c1f8135e05a14182076a0c HTTP/1.1" 200 139 "-" "PostmanRuntime/7.32.3"
::1 - - [27/Jul/2023:05:20:52 +0000] "DELETE /api/users/add-to-wishlist/64c1f8135e05a14182076a0c HTTP/1.1" 200 16 "-" "PostmanRuntime/7.32.3"
::1 - - [27/Jul/2023:05:21:01 +0000] "DELETE /api/users/add-to-wishlist/64c1f8135e05a14182076a0c HTTP/1.1" 200 16 "-" "PostmanRuntime/7.32.3"
::1 - - [27/Jul/2023:05:21:10 +0000] "DELETE /api/users/add-to-wishlist/64c1f8135e05a14182076a0c HTTP/1.1" 200 16 "-" "PostmanRuntime/7.32.3"
::1 - - [27/Jul/2023:05:22:10 +0000] "POST /api/users/register HTTP/1.1" 200 616 "-" "PostmanRuntime/7.32.3"
::1 - - [27/Jul/2023:05:22:13 +0000] "POST /api/users/add-to-wishlist HTTP/1.1" 200 139 "-" "PostmanRuntime/7.32.3"
::1 - - [27/Jul/2023:05:22:32 +0000] "GET /api/users/add-to-wishlist HTTP/1.1" 200 217 "-" "PostmanRuntime/7.32.3"
::1 - - [27/Jul/2023:05:22:36 +0000] "DELETE /api/users/add-to-wishlist/64bf9ae0157a471e40844f7b HTTP/1.1" 200 16 "-" "PostmanRuntime/7.32.3"
::1 - - [27/Jul/2023:05:24:58 +0000] "DELETE /api/users/add-to-wishlist/64bf9ae0157a471e40844f7b HTTP/1.1" 200 16 "-" "PostmanRuntime/7.32.3"
::1 - - [27/Jul/2023:05:25:38 +0000] "DELETE /api/users/add-to-wishlist/64bf9ae0157a471e40844f7b HTTP/1.1" 200 16 "-" "PostmanRuntime/7.32.3"
::1 - - [27/Jul/2023:05:26:00 +0000] "DELETE /api/users/add-to-wishlist/64bf9ae0157a471e40844f7b HTTP/1.1" 200 16 "-" "PostmanRuntime/7.32.3"
::1 - - [27/Jul/2023:05:26:13 +0000] "DELETE /api/users/add-to-wishlist/64bf9ae0157a471e40844f7b HTTP/1.1" 200 26 "-" "PostmanRuntime/7.32.3"
::1 - - [27/Jul/2023:05:26:20 +0000] "POST /api/users/add-to-wishlist HTTP/1.1" 200 139 "-" "PostmanRuntime/7.32.3"
::1 - - [27/Jul/2023:05:26:31 +0000] "GET /api/product HTTP/1.1" 200 28803 "-" "PostmanRuntime/7.32.3"
::1 - - [27/Jul/2023:05:26:41 +0000] "POST /api/users/add-to-wishlist HTTP/1.1" 200 253 "-" "PostmanRuntime/7.32.3"
::1 - - [27/Jul/2023:05:26:48 +0000] "GET /api/users/add-to-wishlist HTTP/1.1" 200 331 "-" "PostmanRuntime/7.32.3"
::1 - - [27/Jul/2023:05:27:01 +0000] "DELETE /api/users/add-to-wishlist/64bf9c27157a471e40844f7d HTTP/1.1" 200 139 "-" "PostmanRuntime/7.32.3"
::1 - - [27/Jul/2023:05:27:09 +0000] "GET /api/users/add-to-wishlist HTTP/1.1" 200 217 "-" "PostmanRuntime/7.32.3"
::1 - - [27/Jul/2023:05:27:17 +0000] "GET /api/users/add-to-wishlist HTTP/1.1" 200 217 "-" "PostmanRuntime/7.32.3"
::1 - - [27/Jul/2023:05:44:36 +0000] "GET /api/category/?sort=name%20%20slug&limit=2&page=1 HTTP/1.1" 404 152 "-" "PostmanRuntime/7.32.3"
::1 - - [27/Jul/2023:05:47:51 +0000] "GET /api/category/?sort=name%20%20slug&limit=2&page=1 HTTP/1.1" 200 493 "-" "PostmanRuntime/7.32.3"
::1 - - [27/Jul/2023:05:50:34 +0000] "GET /api/category/64bdee5f3c3c98dd1485b15b HTTP/1.1" 200 215 "-" "PostmanRuntime/7.32.3"
::1 - - [27/Jul/2023:05:51:14 +0000] "GET /api/category/64bdee5f3c3c98dd1485b15b HTTP/1.1" 200 708 "-" "PostmanRuntime/7.32.3"
::1 - - [27/Jul/2023:05:52:15 +0000] "GET /api/subcategory/64bdf003add640ed84142635/product HTTP/1.1" 200 7049 "-" "PostmanRuntime/7.32.3"
::1 - - [27/Jul/2023:05:53:41 +0000] "GET /api/subcategory HTTP/1.1" 200 31317 "-" "PostmanRuntime/7.32.3"
::1 - - [27/Jul/2023:05:54:05 +0000] "GET /api/subcategory/64bdf576cbaefd6497a84279 HTTP/1.1" 500 90 "-" "PostmanRuntime/7.32.3"
::1 - - [27/Jul/2023:05:54:10 +0000] "GET /api/subcategory/64bdf576cbaefd6497a84279 HTTP/1.1" 500 90 "-" "PostmanRuntime/7.32.3"
::1 - - [27/Jul/2023:06:00:38 +0000] "GET /api/subcategory/64bdf576cbaefd6497a84279 HTTP/1.1" 500 90 "-" "PostmanRuntime/7.32.3"
::1 - - [27/Jul/2023:06:01:20 +0000] "GET /api/subcategory/64bdf576cbaefd6497a84279 HTTP/1.1" 200 21345 "-" "PostmanRuntime/7.32.3"
::1 - - [27/Jul/2023:06:05:50 +0000] "GET /api/subcategory/?sort=name%20%20slug%20avergeRating%20&limit=2&page=1 HTTP/1.1" 200 456 "-" "PostmanRuntime/7.32.3"
::1 - - [27/Jul/2023:06:06:01 +0000] "GET /api/subcategory/?sort=name%20%20slug%20avergeRating%20avergePrice%20&limit=2&page=1 HTTP/1.1" 200 456 "-" "PostmanRuntime/7.32.3"
::1 - - [27/Jul/2023:06:26:38 +0000] "GET /api/product HTTP/1.1" 200 21121 "-" "PostmanRuntime/7.32.3"
::1 - - [27/Jul/2023:06:26:56 +0000] "GET /api/product/64bf9ae0157a471e40844f7b HTTP/1.1" 500 502 "-" "PostmanRuntime/7.32.3"
::1 - - [27/Jul/2023:06:28:26 +0000] "GET /api/product/64bf9ae0157a471e40844f7b HTTP/1.1" 500 502 "-" "PostmanRuntime/7.32.3"
::1 - - [27/Jul/2023:06:28:56 +0000] "GET /api/product/64bf9ae0157a471e40844f7b HTTP/1.1" 200 2334 "-" "PostmanRuntime/7.32.3"
::1 - - [27/Jul/2023:06:29:00 +0000] "GET /api/product/64bf9ae0157a471e40844f7b HTTP/1.1" 200 2334 "-" "PostmanRuntime/7.32.3"
::1 - - [27/Jul/2023:06:29:06 +0000] "GET /api/product/64bf9ae0157a471e40844f7b HTTP/1.1" 200 2333 "-" "PostmanRuntime/7.32.3"
::1 - - [27/Jul/2023:06:29:26 +0000] "GET /api/product/64bf9ae0157a471e40844f7b HTTP/1.1" 200 2352 "-" "PostmanRuntime/7.32.3"
::1 - - [27/Jul/2023:06:29:32 +0000] "GET /api/product/64bf9ae0157a471e40844f7b HTTP/1.1" 200 2352 "-" "PostmanRuntime/7.32.3"
::1 - - [27/Jul/2023:06:29:39 +0000] "GET /api/product HTTP/1.1" 200 21221 "-" "PostmanRuntime/7.32.3"
::1 - - [27/Jul/2023:06:34:36 +0000] "GET /api/users/purchase HTTP/1.1" 200 381 "-" "PostmanRuntime/7.32.3"
::1 - - [27/Jul/2023:06:34:59 +0000] "GET /api/users/add-to-wishlist HTTP/1.1" 200 217 "-" "PostmanRuntime/7.32.3"
::1 - - [27/Jul/2023:06:35:22 +0000] "GET /api/users/purchase HTTP/1.1" 200 28 "-" "PostmanRuntime/7.32.3"
::1 - - [27/Jul/2023:06:36:09 +0000] "GET /api/users/purchase HTTP/1.1" 200 217 "-" "PostmanRuntime/7.32.3"
::1 - - [27/Jul/2023:06:38:47 +0000] "POST /api/users/add-to-wishlist HTTP/1.1" 200 253 "-" "PostmanRuntime/7.32.3"
::1 - - [27/Jul/2023:06:39:14 +0000] "GET /api/users/add-to-wishlist HTTP/1.1" 200 331 "-" "PostmanRuntime/7.32.3"
::1 - - [27/Jul/2023:06:39:47 +0000] "GET /api/users/purchase HTTP/1.1" 404 157 "-" "PostmanRuntime/7.32.3"
::1 - - [27/Jul/2023:06:39:56 +0000] "POST /api/users/purchase HTTP/1.1" 500 90 "-" "PostmanRuntime/7.32.3"
::1 - - [27/Jul/2023:06:42:20 +0000] "POST /api/users/purchase HTTP/1.1" 500 91 "-" "PostmanRuntime/7.32.3"
::1 - - [27/Jul/2023:06:42:56 +0000] "POST /api/users/purchase HTTP/1.1" 200 331 "-" "PostmanRuntime/7.32.3"
::1 - - [27/Jul/2023:06:43:08 +0000] "POST /api/users/purchase HTTP/1.1" 200 331 "-" "PostmanRuntime/7.32.3"
::1 - - [27/Jul/2023:06:43:44 +0000] "POST /api/users/purchase HTTP/1.1" 500 70 "-" "PostmanRuntime/7.32.3"
::1 - - [27/Jul/2023:06:44:30 +0000] "POST /api/users/purchase HTTP/1.1" 500 70 "-" "PostmanRuntime/7.32.3"
::1 - - [27/Jul/2023:06:45:12 +0000] "POST /api/users/purchase HTTP/1.1" 200 331 "-" "PostmanRuntime/7.32.3"
::1 - - [27/Jul/2023:06:45:57 +0000] "POST /api/users/purchase HTTP/1.1" 200 331 "-" "PostmanRuntime/7.32.3"
::1 - - [27/Jul/2023:06:46:29 +0000] "POST /api/users/purchase HTTP/1.1" 200 331 "-" "PostmanRuntime/7.32.3"
::1 - - [27/Jul/2023:06:47:24 +0000] "POST /api/users/purchase HTTP/1.1" 200 331 "-" "PostmanRuntime/7.32.3"
::1 - - [27/Jul/2023:06:48:40 +0000] "POST /api/users/purchase HTTP/1.1" 200 331 "-" "PostmanRuntime/7.32.3"
::1 - - [27/Jul/2023:06:49:19 +0000] "POST /api/users/purchase HTTP/1.1" 200 331 "-" "PostmanRuntime/7.32.3"
::1 - - [27/Jul/2023:06:49:37 +0000] "POST /api/users/purchase HTTP/1.1" 200 331 "-" "PostmanRuntime/7.32.3"
::1 - - [27/Jul/2023:06:50:00 +0000] "POST /api/users/purchase HTTP/1.1" 200 331 "-" "PostmanRuntime/7.32.3"
::1 - - [27/Jul/2023:06:50:43 +0000] "POST /api/users/purchase HTTP/1.1" 200 675 "-" "PostmanRuntime/7.32.3"
::1 - - [27/Jul/2023:06:54:42 +0000] "GET /api/users/purchase HTTP/1.1" 200 360 "-" "PostmanRuntime/7.32.3"
::1 - - [27/Jul/2023:07:02:21 +0000] "POST /api/users/purchase HTTP/1.1" 404 158 "-" "PostmanRuntime/7.32.3"
::1 - - [27/Jul/2023:07:02:39 +0000] "POST /api/users/purchase HTTP/1.1" 500 64 "-" "PostmanRuntime/7.32.3"
::1 - - [27/Jul/2023:07:02:52 +0000] "POST /api/users/purchase HTTP/1.1" 200 4650 "-" "PostmanRuntime/7.32.3"
::1 - - [27/Jul/2023:07:05:32 +0000] "POST /api/users/purchase HTTP/1.1" 500 92 "-" "PostmanRuntime/7.32.3"
::1 - - [27/Jul/2023:07:06:11 +0000] "POST /api/users/purchase HTTP/1.1" 200 4587 "-" "PostmanRuntime/7.32.3"
::1 - - [27/Jul/2023:07:06:56 +0000] "POST /api/users/purchase HTTP/1.1" 500 66 "-" "PostmanRuntime/7.32.3"
::1 - - [27/Jul/2023:07:07:09 +0000] "POST /api/users/purchase HTTP/1.1" 500 71 "-" "PostmanRuntime/7.32.3"
::1 - - [27/Jul/2023:07:08:36 +0000] "POST /api/users/purchase HTTP/1.1" 200 4587 "-" "PostmanRuntime/7.32.3"
::1 - - [27/Jul/2023:07:09:52 +0000] "POST /api/users/purchase HTTP/1.1" 200 4587 "-" "PostmanRuntime/7.32.3"
::1 - - [27/Jul/2023:07:10:15 +0000] "POST /api/users/purchase HTTP/1.1" 200 4587 "-" "PostmanRuntime/7.32.3"
::1 - - [27/Jul/2023:07:10:32 +0000] "POST /api/users/purchase HTTP/1.1" 500 96 "-" "PostmanRuntime/7.32.3"
::1 - - [27/Jul/2023:07:10:54 +0000] "POST /api/users/purchase HTTP/1.1" 500 96 "-" "PostmanRuntime/7.32.3"
::1 - - [27/Jul/2023:07:12:05 +0000] "POST /api/users/purchase HTTP/1.1" 500 96 "-" "PostmanRuntime/7.32.3"
::1 - - [27/Jul/2023:07:13:02 +0000] "POST /api/users/purchase HTTP/1.1" 500 59 "-" "PostmanRuntime/7.32.3"
::1 - - [27/Jul/2023:07:13:21 +0000] "POST /api/users/purchase HTTP/1.1" 200 4587 "-" "PostmanRuntime/7.32.3"
::1 - - [27/Jul/2023:07:14:03 +0000] "POST /api/users/purchase HTTP/1.1" 200 4587 "-" "PostmanRuntime/7.32.3"
::1 - - [27/Jul/2023:07:14:29 +0000] "POST /api/users/purchase HTTP/1.1" 200 4587 "-" "PostmanRuntime/7.32.3"
::1 - - [27/Jul/2023:07:16:06 +0000] "POST /api/users/purchase HTTP/1.1" 200 4587 "-" "PostmanRuntime/7.32.3"
::1 - - [27/Jul/2023:07:16:43 +0000] "POST /api/users/purchase HTTP/1.1" 200 4587 "-" "PostmanRuntime/7.32.3"
::1 - - [27/Jul/2023:07:19:10 +0000] "POST /api/users/purchase HTTP/1.1" 200 4587 "-" "PostmanRuntime/7.32.3"
::1 - - [27/Jul/2023:07:20:02 +0000] "POST /api/users/purchase HTTP/1.1" 200 4587 "-" "PostmanRuntime/7.32.3"
::1 - - [27/Jul/2023:07:21:26 +0000] "POST /api/users/purchase HTTP/1.1" 200 4587 "-" "PostmanRuntime/7.32.3"
::1 - - [27/Jul/2023:07:23:51 +0000] "POST /api/users/purchase HTTP/1.1" 200 4587 "-" "PostmanRuntime/7.32.3"
::1 - - [27/Jul/2023:07:25:23 +0000] "POST /api/users/purchase HTTP/1.1" 200 4586 "-" "PostmanRuntime/7.32.3"
::1 - - [27/Jul/2023:07:25:48 +0000] "POST /api/users/purchase HTTP/1.1" 200 4586 "-" "PostmanRuntime/7.32.3"
::1 - - [27/Jul/2023:07:26:09 +0000] "POST /api/users/purchase HTTP/1.1" 200 4586 "-" "PostmanRuntime/7.32.3"
::1 - - [27/Jul/2023:07:26:30 +0000] "GET /api/product/64bf9ae0157a471e40844f7b HTTP/1.1" 200 2351 "-" "PostmanRuntime/7.32.3"
::1 - - [27/Jul/2023:07:27:07 +0000] "GET /api/product/64bf9ae0157a471e40844f7b HTTP/1.1" 200 2352 "-" "PostmanRuntime/7.32.3"
::1 - - [27/Jul/2023:07:27:10 +0000] "POST /api/users/purchase HTTP/1.1" 200 4586 "-" "PostmanRuntime/7.32.3"
::1 - - [27/Jul/2023:07:27:44 +0000] "POST /api/users/purchase HTTP/1.1" 200 4586 "-" "PostmanRuntime/7.32.3"
::1 - - [27/Jul/2023:07:28:34 +0000] "POST /api/users/purchase HTTP/1.1" 200 4587 "-" "PostmanRuntime/7.32.3"
::1 - - [27/Jul/2023:07:29:03 +0000] "POST /api/users/purchase HTTP/1.1" 200 4587 "-" "PostmanRuntime/7.32.3"
::1 - - [27/Jul/2023:07:29:17 +0000] "POST /api/users/purchase HTTP/1.1" 200 4587 "-" "PostmanRuntime/7.32.3"
::1 - - [27/Jul/2023:07:29:38 +0000] "POST /api/users/purchase HTTP/1.1" 200 4587 "-" "PostmanRuntime/7.32.3"
::1 - - [27/Jul/2023:07:30:00 +0000] "POST /api/users/purchase HTTP/1.1" 200 4587 "-" "PostmanRuntime/7.32.3"
::1 - - [27/Jul/2023:07:30:16 +0000] "POST /api/users/purchase HTTP/1.1" 200 4587 "-" "PostmanRuntime/7.32.3"
::1 - - [27/Jul/2023:07:31:15 +0000] "POST /api/users/purchase HTTP/1.1" 200 4587 "-" "PostmanRuntime/7.32.3"
::1 - - [27/Jul/2023:07:32:03 +0000] "POST /api/users/purchase HTTP/1.1" 200 4587 "-" "PostmanRuntime/7.32.3"
::1 - - [27/Jul/2023:07:32:36 +0000] "POST /api/users/purchase HTTP/1.1" 200 4587 "-" "PostmanRuntime/7.32.3"
::1 - - [27/Jul/2023:07:33:02 +0000] "POST /api/users/purchase HTTP/1.1" 200 4587 "-" "PostmanRuntime/7.32.3"
::1 - - [27/Jul/2023:07:33:49 +0000] "POST /api/users/purchase HTTP/1.1" 200 4587 "-" "PostmanRuntime/7.32.3"
::1 - - [27/Jul/2023:07:33:58 +0000] "POST /api/users/purchase HTTP/1.1" 200 4587 "-" "PostmanRuntime/7.32.3"
::1 - - [27/Jul/2023:07:34:45 +0000] "POST /api/users/purchase HTTP/1.1" 200 4587 "-" "PostmanRuntime/7.32.3"
::1 - - [27/Jul/2023:07:35:25 +0000] "POST /api/users/purchase HTTP/1.1" 200 4587 "-" "PostmanRuntime/7.32.3"
::1 - - [27/Jul/2023:07:36:10 +0000] "POST /api/users/purchase HTTP/1.1" 200 4587 "-" "PostmanRuntime/7.32.3"
::1 - - [27/Jul/2023:07:36:28 +0000] "POST /api/users/purchase HTTP/1.1" 200 4587 "-" "PostmanRuntime/7.32.3"
::1 - - [27/Jul/2023:07:37:35 +0000] "POST /api/users/purchase HTTP/1.1" 200 4587 "-" "PostmanRuntime/7.32.3"
::1 - - [27/Jul/2023:07:37:52 +0000] "POST /api/users/purchase HTTP/1.1" 200 4587 "-" "PostmanRuntime/7.32.3"
::1 - - [27/Jul/2023:07:38:10 +0000] "POST /api/users/purchase HTTP/1.1" 500 86 "-" "PostmanRuntime/7.32.3"
::1 - - [27/Jul/2023:07:38:30 +0000] "POST /api/users/purchase HTTP/1.1" 200 4587 "-" "PostmanRuntime/7.32.3"
::1 - - [27/Jul/2023:07:38:50 +0000] "POST /api/users/purchase HTTP/1.1" 200 4587 "-" "PostmanRuntime/7.32.3"
::1 - - [27/Jul/2023:07:39:34 +0000] "POST /api/users/purchase HTTP/1.1" 200 4587 "-" "PostmanRuntime/7.32.3"
::1 - - [27/Jul/2023:07:39:49 +0000] "POST /api/users/purchase HTTP/1.1" 200 4587 "-" "PostmanRuntime/7.32.3"
::1 - - [27/Jul/2023:07:39:57 +0000] "POST /api/users/purchase HTTP/1.1" 200 4587 "-" "PostmanRuntime/7.32.3"
::1 - - [27/Jul/2023:07:40:09 +0000] "POST /api/users/purchase HTTP/1.1" 200 4587 "-" "PostmanRuntime/7.32.3"
::1 - - [27/Jul/2023:07:40:48 +0000] "POST /api/users/purchase HTTP/1.1" 500 71 "-" "PostmanRuntime/7.32.3"
::1 - - [27/Jul/2023:07:41:47 +0000] "POST /api/users/purchase HTTP/1.1" 200 4587 "-" "PostmanRuntime/7.32.3"
::1 - - [27/Jul/2023:07:42:02 +0000] "POST /api/users/purchase HTTP/1.1" 200 4587 "-" "PostmanRuntime/7.32.3"
::1 - - [27/Jul/2023:07:43:11 +0000] "POST /api/users/purchase HTTP/1.1" 200 4587 "-" "PostmanRuntime/7.32.3"
::1 - - [27/Jul/2023:07:43:53 +0000] "POST /api/users/purchase HTTP/1.1" 200 16 "-" "PostmanRuntime/7.32.3"
::1 - - [27/Jul/2023:07:44:24 +0000] "POST /api/users/purchase HTTP/1.1" 200 16 "-" "PostmanRuntime/7.32.3"
::1 - - [27/Jul/2023:07:44:32 +0000] "POST /api/users/purchase HTTP/1.1" 200 16 "-" "PostmanRuntime/7.32.3"
::1 - - [27/Jul/2023:07:45:09 +0000] "POST /api/users/purchase HTTP/1.1" 200 16 "-" "PostmanRuntime/7.32.3"
::1 - - [27/Jul/2023:07:45:32 +0000] "POST /api/users/purchase HTTP/1.1" 200 16 "-" "PostmanRuntime/7.32.3"
::1 - - [27/Jul/2023:07:46:37 +0000] "POST /api/users/purchase HTTP/1.1" 200 16 "-" "PostmanRuntime/7.32.3"
::1 - - [27/Jul/2023:07:47:11 +0000] "POST /api/users/purchase HTTP/1.1" 200 16 "-" "PostmanRuntime/7.32.3"
::1 - - [27/Jul/2023:07:47:41 +0000] "POST /api/users/purchase HTTP/1.1" 200 16 "-" "PostmanRuntime/7.32.3"
::1 - - [27/Jul/2023:07:47:51 +0000] "POST /api/users/purchase HTTP/1.1" 200 16 "-" "PostmanRuntime/7.32.3"
::1 - - [27/Jul/2023:07:48:01 +0000] "POST /api/users/purchase HTTP/1.1" 200 16 "-" "PostmanRuntime/7.32.3"
::1 - - [27/Jul/2023:07:48:15 +0000] "POST /api/users/purchase HTTP/1.1" 200 16 "-" "PostmanRuntime/7.32.3"
::1 - - [27/Jul/2023:07:48:33 +0000] "POST /api/users/purchase HTTP/1.1" 200 16 "-" "PostmanRuntime/7.32.3"
::1 - - [27/Jul/2023:07:49:04 +0000] "POST /api/users/purchase HTTP/1.1" 200 16 "-" "PostmanRuntime/7.32.3"
::1 - - [27/Jul/2023:07:49:18 +0000] "POST /api/users/purchase HTTP/1.1" 200 16 "-" "PostmanRuntime/7.32.3"
::1 - - [27/Jul/2023:07:49:47 +0000] "POST /api/users/purchase HTTP/1.1" 200 16 "-" "PostmanRuntime/7.32.3"
::1 - - [27/Jul/2023:07:50:34 +0000] "POST /api/users/purchase HTTP/1.1" 200 16 "-" "PostmanRuntime/7.32.3"
::1 - - [27/Jul/2023:07:50:51 +0000] "POST /api/users/purchase HTTP/1.1" 200 16 "-" "PostmanRuntime/7.32.3"
::1 - - [27/Jul/2023:07:51:15 +0000] "POST /api/users/purchase HTTP/1.1" 200 16 "-" "PostmanRuntime/7.32.3"
::1 - - [27/Jul/2023:07:51:30 +0000] "POST /api/users/purchase HTTP/1.1" 200 16 "-" "PostmanRuntime/7.32.3"
::1 - - [27/Jul/2023:07:52:01 +0000] "POST /api/users/purchase HTTP/1.1" 200 16 "-" "PostmanRuntime/7.32.3"
::1 - - [27/Jul/2023:07:53:03 +0000] "POST /api/users/purchase HTTP/1.1" 200 16 "-" "PostmanRuntime/7.32.3"
::1 - - [27/Jul/2023:07:53:35 +0000] "POST /api/users/purchase HTTP/1.1" 200 16 "-" "PostmanRuntime/7.32.3"
::1 - - [27/Jul/2023:07:54:18 +0000] "POST /api/users/purchase HTTP/1.1" 500 99 "-" "PostmanRuntime/7.32.3"
::1 - - [27/Jul/2023:07:54:40 +0000] "POST /api/users/purchase HTTP/1.1" 500 532 "-" "PostmanRuntime/7.32.3"
::1 - - [27/Jul/2023:07:55:08 +0000] "POST /api/users/purchase HTTP/1.1" 200 16 "-" "PostmanRuntime/7.32.3"
::1 - - [27/Jul/2023:07:55:37 +0000] "POST /api/users/purchase HTTP/1.1" 200 16 "-" "PostmanRuntime/7.32.3"
::1 - - [27/Jul/2023:07:55:51 +0000] "POST /api/users/purchase HTTP/1.1" 200 16 "-" "PostmanRuntime/7.32.3"
::1 - - [27/Jul/2023:07:56:04 +0000] "POST /api/users/purchase HTTP/1.1" 200 16 "-" "PostmanRuntime/7.32.3"
::1 - - [27/Jul/2023:07:57:19 +0000] "POST /api/users/purchase HTTP/1.1" 200 16 "-" "PostmanRuntime/7.32.3"
::1 - - [27/Jul/2023:07:58:23 +0000] "POST /api/users/purchase HTTP/1.1" 200 16 "-" "PostmanRuntime/7.32.3"
::1 - - [27/Jul/2023:07:58:46 +0000] "POST /api/users/purchase HTTP/1.1" 200 16 "-" "PostmanRuntime/7.32.3"
::1 - - [27/Jul/2023:07:59:23 +0000] "POST /api/users/purchase HTTP/1.1" 200 16 "-" "PostmanRuntime/7.32.3"
::1 - - [27/Jul/2023:07:59:37 +0000] "POST /api/users/purchase HTTP/1.1" 200 16 "-" "PostmanRuntime/7.32.3"
::1 - - [27/Jul/2023:08:00:24 +0000] "POST /api/users/purchase HTTP/1.1" 200 16 "-" "PostmanRuntime/7.32.3"
::1 - - [27/Jul/2023:08:01:05 +0000] "POST /api/users/purchase HTTP/1.1" 200 16 "-" "PostmanRuntime/7.32.3"
::1 - - [27/Jul/2023:08:01:26 +0000] "POST /api/users/purchase HTTP/1.1" 200 16 "-" "PostmanRuntime/7.32.3"
::1 - - [27/Jul/2023:08:02:56 +0000] "POST /api/users/purchase HTTP/1.1" 200 16 "-" "PostmanRuntime/7.32.3"
::1 - - [27/Jul/2023:08:03:19 +0000] "POST /api/users/purchase HTTP/1.1" 200 16 "-" "PostmanRuntime/7.32.3"
::1 - - [27/Jul/2023:08:03:42 +0000] "POST /api/users/purchase HTTP/1.1" 200 16 "-" "PostmanRuntime/7.32.3"
::1 - - [27/Jul/2023:08:04:34 +0000] "POST /api/users/purchase HTTP/1.1" 200 16 "-" "PostmanRuntime/7.32.3"
::1 - - [27/Jul/2023:08:05:18 +0000] "POST /api/users/purchase HTTP/1.1" 500 71 "-" "PostmanRuntime/7.32.3"
::1 - - [27/Jul/2023:08:05:31 +0000] "POST /api/users/purchase HTTP/1.1" 500 71 "-" "PostmanRuntime/7.32.3"
::1 - - [27/Jul/2023:08:06:43 +0000] "POST /api/users/purchase HTTP/1.1" 500 577 "-" "PostmanRuntime/7.32.3"
::1 - - [27/Jul/2023:08:08:10 +0000] "POST /api/users/purchase HTTP/1.1" 500 532 "-" "PostmanRuntime/7.32.3"
::1 - - [27/Jul/2023:08:10:26 +0000] "POST /api/users/purchase HTTP/1.1" 200 16 "-" "PostmanRuntime/7.32.3"
::1 - - [27/Jul/2023:08:10:39 +0000] "POST /api/users/purchase HTTP/1.1" 200 16 "-" "PostmanRuntime/7.32.3"
::1 - - [27/Jul/2023:08:10:58 +0000] "POST /api/users/purchase HTTP/1.1" 200 16 "-" "PostmanRuntime/7.32.3"
::1 - - [27/Jul/2023:08:11:17 +0000] "POST /api/users/purchase HTTP/1.1" 200 16 "-" "PostmanRuntime/7.32.3"
::1 - - [27/Jul/2023:08:13:16 +0000] "POST /api/users/purchase HTTP/1.1" 200 16 "-" "PostmanRuntime/7.32.3"
::1 - - [27/Jul/2023:08:15:48 +0000] "POST /api/users/purchase HTTP/1.1" 200 331 "-" "PostmanRuntime/7.32.3"
::1 - - [27/Jul/2023:08:16:26 +0000] "POST /api/users/purchase HTTP/1.1" 200 79 "-" "PostmanRuntime/7.32.3"
::1 - - [27/Jul/2023:08:17:09 +0000] "POST /api/users/purchase HTTP/1.1" 200 16 "-" "PostmanRuntime/7.32.3"
::1 - - [27/Jul/2023:08:17:24 +0000] "POST /api/users/purchase HTTP/1.1" 200 16 "-" "PostmanRuntime/7.32.3"
::1 - - [27/Jul/2023:08:18:03 +0000] "POST /api/users/purchase HTTP/1.1" 200 16 "-" "PostmanRuntime/7.32.3"
::1 - - [27/Jul/2023:08:18:26 +0000] "POST /api/users/purchase HTTP/1.1" 200 16 "-" "PostmanRuntime/7.32.3"
::1 - - [27/Jul/2023:08:18:42 +0000] "POST /api/users/purchase HTTP/1.1" 200 16 "-" "PostmanRuntime/7.32.3"
::1 - - [27/Jul/2023:08:19:10 +0000] "POST /api/users/purchase HTTP/1.1" 200 16 "-" "PostmanRuntime/7.32.3"
::1 - - [27/Jul/2023:08:19:22 +0000] "POST /api/users/purchase HTTP/1.1" 200 16 "-" "PostmanRuntime/7.32.3"
::1 - - [27/Jul/2023:08:19:51 +0000] "POST /api/users/purchase HTTP/1.1" 200 16 "-" "PostmanRuntime/7.32.3"
::1 - - [27/Jul/2023:08:20:37 +0000] "POST /api/users/purchase HTTP/1.1" 200 16 "-" "PostmanRuntime/7.32.3"
::1 - - [27/Jul/2023:08:21:08 +0000] "POST /api/users/purchase HTTP/1.1" 200 16 "-" "PostmanRuntime/7.32.3"
::1 - - [27/Jul/2023:08:21:36 +0000] "POST /api/users/purchase HTTP/1.1" 200 16 "-" "PostmanRuntime/7.32.3"
::1 - - [27/Jul/2023:08:22:45 +0000] "POST /api/users/purchase HTTP/1.1" 200 16 "-" "PostmanRuntime/7.32.3"
::1 - - [27/Jul/2023:08:24:47 +0000] "POST /api/users/purchase HTTP/1.1" 200 16 "-" "PostmanRuntime/7.32.3"
::1 - - [27/Jul/2023:08:28:04 +0000] "POST /api/users/add-to-wishlist HTTP/1.1" 200 574 "-" "PostmanRuntime/7.32.3"
::1 - - [27/Jul/2023:08:28:52 +0000] "GET /api/users/add-to-wishlist HTTP/1.1" 200 652 "-" "PostmanRuntime/7.32.3"
::1 - - [27/Jul/2023:08:29:39 +0000] "GET /api/users/purchase HTTP/1.1" 200 360 "-" "PostmanRuntime/7.32.3"
::1 - - [27/Jul/2023:08:30:02 +0000] "GET /api/users/purchase HTTP/1.1" 200 360 "-" "PostmanRuntime/7.32.3"
::1 - - [27/Jul/2023:08:30:13 +0000] "GET /api/users/purchase HTTP/1.1" 200 360 "-" "PostmanRuntime/7.32.3"
::1 - - [27/Jul/2023:08:30:52 +0000] "GET /api/users/purchase HTTP/1.1" 200 360 "-" "PostmanRuntime/7.32.3"
::1 - - [27/Jul/2023:08:31:27 +0000] "GET /api/users/purchase HTTP/1.1" 500 71 "-" "PostmanRuntime/7.32.3"
::1 - - [27/Jul/2023:08:32:41 +0000] "GET /api/users/purchase HTTP/1.1" 200 360 "-" "PostmanRuntime/7.32.3"
::1 - - [27/Jul/2023:08:33:03 +0000] "GET /api/users/purchase HTTP/1.1" 200 360 "-" "PostmanRuntime/7.32.3"
::1 - - [27/Jul/2023:08:33:08 +0000] "GET /api/users/purchase HTTP/1.1" 200 360 "-" "PostmanRuntime/7.32.3"
::1 - - [27/Jul/2023:08:33:33 +0000] "GET /api/users/purchase HTTP/1.1" 200 360 "-" "PostmanRuntime/7.32.3"
::1 - - [27/Jul/2023:08:33:54 +0000] "GET /api/users/purchase HTTP/1.1" 200 360 "-" "PostmanRuntime/7.32.3"
::1 - - [27/Jul/2023:08:34:17 +0000] "GET /api/users/purchase HTTP/1.1" 200 360 "-" "PostmanRuntime/7.32.3"
::1 - - [27/Jul/2023:08:34:53 +0000] "GET /api/users/purchase HTTP/1.1" 200 360 "-" "PostmanRuntime/7.32.3"
::1 - - [27/Jul/2023:08:35:02 +0000] "GET /api/users/purchase HTTP/1.1" 200 360 "-" "PostmanRuntime/7.32.3"
::1 - - [27/Jul/2023:08:36:09 +0000] "GET /api/users/purchase HTTP/1.1" 200 360 "-" "PostmanRuntime/7.32.3"
::1 - - [27/Jul/2023:08:38:29 +0000] "GET /api/users/purchase HTTP/1.1" 200 360 "-" "PostmanRuntime/7.32.3"
::1 - - [27/Jul/2023:08:38:43 +0000] "GET /api/users/purchase HTTP/1.1" 200 360 "-" "PostmanRuntime/7.32.3"
::1 - - [27/Jul/2023:08:39:31 +0000] "GET /api/users/purchase HTTP/1.1" 200 360 "-" "PostmanRuntime/7.32.3"
::1 - - [27/Jul/2023:08:40:26 +0000] "GET /api/users/purchase HTTP/1.1" 200 360 "-" "PostmanRuntime/7.32.3"
::1 - - [27/Jul/2023:08:40:53 +0000] "GET /api/users/purchase HTTP/1.1" 200 360 "-" "PostmanRuntime/7.32.3"
::1 - - [27/Jul/2023:08:44:03 +0000] "GET /api/users/purchase HTTP/1.1" 200 360 "-" "PostmanRuntime/7.32.3"
::1 - - [27/Jul/2023:08:44:37 +0000] "GET /api/users/purchase HTTP/1.1" 500 72 "-" "PostmanRuntime/7.32.3"
::1 - - [27/Jul/2023:08:47:23 +0000] "GET /api/users/purchase HTTP/1.1" 200 360 "-" "PostmanRuntime/7.32.3"
::1 - - [27/Jul/2023:08:48:04 +0000] "GET /api/users/purchase HTTP/1.1" 200 360 "-" "PostmanRuntime/7.32.3"
::1 - - [27/Jul/2023:08:48:28 +0000] "GET /api/users/purchase HTTP/1.1" 500 72 "-" "PostmanRuntime/7.32.3"
::1 - - [27/Jul/2023:08:49:05 +0000] "GET /api/users/purchase HTTP/1.1" 200 360 "-" "PostmanRuntime/7.32.3"
::1 - - [27/Jul/2023:08:49:14 +0000] "GET /api/users/purchase HTTP/1.1" 200 360 "-" "PostmanRuntime/7.32.3"
::1 - - [27/Jul/2023:08:50:26 +0000] "GET /api/users/purchase HTTP/1.1" 200 46 "-" "PostmanRuntime/7.32.3"
::1 - - [27/Jul/2023:08:52:27 +0000] "GET /api/subcategory HTTP/1.1" 200 1175 "-" "PostmanRuntime/7.32.3"
::1 - - [27/Jul/2023:08:54:07 +0000] "POST /api/users/register HTTP/1.1" 500 226 "-" "PostmanRuntime/7.32.3"
::1 - - [27/Jul/2023:08:54:09 +0000] "POST /api/users/login HTTP/1.1" 200 850 "-" "PostmanRuntime/7.32.3"
::1 - - [27/Jul/2023:08:54:36 +0000] "POST /api/product HTTP/1.1" 500 1097 "-" "PostmanRuntime/7.32.3"
::1 - - [27/Jul/2023:08:54:58 +0000] "POST /api/product HTTP/1.1" 500 436 "-" "PostmanRuntime/7.32.3"
::1 - - [27/Jul/2023:08:55:20 +0000] "POST /api/product HTTP/1.1" 500 436 "-" "PostmanRuntime/7.32.3"
::1 - - [27/Jul/2023:08:55:34 +0000] "POST /api/product HTTP/1.1" 200 294 "-" "PostmanRuntime/7.32.3"
::1 - - [27/Jul/2023:08:55:40 +0000] "POST /api/product HTTP/1.1" 200 295 "-" "PostmanRuntime/7.32.3"
::1 - - [27/Jul/2023:08:55:56 +0000] "GET /api/users/purchase HTTP/1.1" 200 360 "-" "PostmanRuntime/7.32.3"
::1 - - [27/Jul/2023:08:56:08 +0000] "GET /api/users/add-to-wishlist HTTP/1.1" 200 130 "-" "PostmanRuntime/7.32.3"
::1 - - [27/Jul/2023:08:56:10 +0000] "GET /api/users/add-to-wishlist HTTP/1.1" 200 130 "-" "PostmanRuntime/7.32.3"
::1 - - [27/Jul/2023:08:56:14 +0000] "GET /api/users/purchase HTTP/1.1" 400 63 "-" "PostmanRuntime/7.32.3"
::1 - - [27/Jul/2023:08:56:36 +0000] "POST /api/users/add-to-wishlist HTTP/1.1" 200 152 "-" "PostmanRuntime/7.32.3"
::1 - - [27/Jul/2023:08:57:15 +0000] "POST /api/users/add-to-wishlist HTTP/1.1" 200 272 "-" "PostmanRuntime/7.32.3"
::1 - - [27/Jul/2023:08:57:57 +0000] "GET /api/users/add-to-wishlist HTTP/1.1" 500 56 "-" "PostmanRuntime/7.32.3"
::1 - - [27/Jul/2023:08:58:31 +0000] "GET /api/users/add-to-wishlist HTTP/1.1" 500 62 "-" "PostmanRuntime/7.32.3"
::1 - - [27/Jul/2023:08:59:03 +0000] "GET /api/users/add-to-wishlist HTTP/1.1" 500 59 "-" "PostmanRuntime/7.32.3"
::1 - - [27/Jul/2023:08:59:22 +0000] "GET /api/users/add-to-wishlist HTTP/1.1" 200 372 "-" "PostmanRuntime/7.32.3"
::1 - - [27/Jul/2023:08:59:35 +0000] "GET /api/users/purchase HTTP/1.1" 200 61 "-" "PostmanRuntime/7.32.3"
::1 - - [27/Jul/2023:09:02:28 +0000] "GET /api/users/purchase HTTP/1.1" 400 63 "-" "PostmanRuntime/7.32.3"
::1 - - [27/Jul/2023:09:03:22 +0000] "POST /api/users/add-to-wishlist HTTP/1.1" 200 152 "-" "PostmanRuntime/7.32.3"
::1 - - [27/Jul/2023:09:03:35 +0000] "GET /api/users/purchase HTTP/1.1" 200 54 "-" "PostmanRuntime/7.32.3"
::1 - - [27/Jul/2023:09:05:00 +0000] "POST /api/users/add-to-wishlist HTTP/1.1" 200 152 "-" "PostmanRuntime/7.32.3"
::1 - - [27/Jul/2023:09:05:17 +0000] "GET /api/users/purchase HTTP/1.1" 200 54 "-" "PostmanRuntime/7.32.3"
::1 - - [27/Jul/2023:09:06:00 +0000] "GET /api/users/purchase HTTP/1.1" 400 63 "-" "PostmanRuntime/7.32.3"
::1 - - [27/Jul/2023:09:06:04 +0000] "POST /api/users/add-to-wishlist HTTP/1.1" 200 152 "-" "PostmanRuntime/7.32.3"
::1 - - [27/Jul/2023:09:06:21 +0000] "POST /api/users/add-to-wishlist HTTP/1.1" 200 157 "-" "PostmanRuntime/7.32.3"
::1 - - [27/Jul/2023:09:06:26 +0000] "POST /api/users/purchase HTTP/1.1" 404 158 "-" "PostmanRuntime/7.32.3"
::1 - - [27/Jul/2023:09:06:30 +0000] "GET /api/users/purchase HTTP/1.1" 200 54 "-" "PostmanRuntime/7.32.3"
::1 - - [27/Jul/2023:09:06:47 +0000] "POST /api/users/add-to-wishlist HTTP/1.1" 200 152 "-" "PostmanRuntime/7.32.3"
::1 - - [27/Jul/2023:09:07:35 +0000] "GET /api/users/purchase HTTP/1.1" 200 54 "-" "PostmanRuntime/7.32.3"
::1 - - [27/Jul/2023:09:07:48 +0000] "POST /api/users/add-to-wishlist HTTP/1.1" 200 152 "-" "PostmanRuntime/7.32.3"
::1 - - [27/Jul/2023:09:08:13 +0000] "GET /api/users/purchase HTTP/1.1" 200 54 "-" "PostmanRuntime/7.32.3"
::1 - - [27/Jul/2023:09:08:21 +0000] "POST /api/users/add-to-wishlist HTTP/1.1" 200 152 "-" "PostmanRuntime/7.32.3"
::1 - - [27/Jul/2023:09:08:57 +0000] "GET /api/users/purchase HTTP/1.1" 200 54 "-" "PostmanRuntime/7.32.3"
::1 - - [27/Jul/2023:09:09:02 +0000] "POST /api/users/add-to-wishlist HTTP/1.1" 200 152 "-" "PostmanRuntime/7.32.3"
::1 - - [27/Jul/2023:09:09:34 +0000] "GET /api/users/purchase HTTP/1.1" 200 54 "-" "PostmanRuntime/7.32.3"
::1 - - [27/Jul/2023:09:09:37 +0000] "POST /api/users/add-to-wishlist HTTP/1.1" 200 152 "-" "PostmanRuntime/7.32.3"
::1 - - [27/Jul/2023:09:10:08 +0000] "POST /api/users/add-to-wishlist HTTP/1.1" 200 157 "-" "PostmanRuntime/7.32.3"
::1 - - [27/Jul/2023:09:10:18 +0000] "GET /api/users/purchase HTTP/1.1" 200 54 "-" "PostmanRuntime/7.32.3"
::1 - - [27/Jul/2023:09:10:35 +0000] "POST /api/users/add-to-wishlist HTTP/1.1" 200 152 "-" "PostmanRuntime/7.32.3"
::1 - - [27/Jul/2023:09:10:39 +0000] "POST /api/users/add-to-wishlist HTTP/1.1" 200 271 "-" "PostmanRuntime/7.32.3"
::1 - - [27/Jul/2023:09:10:51 +0000] "GET /api/users/purchase HTTP/1.1" 200 61 "-" "PostmanRuntime/7.32.3"
::1 - - [27/Jul/2023:09:14:30 +0000] "POST /api/users/add-to-wishlist HTTP/1.1" 200 152 "-" "PostmanRuntime/7.32.3"
::1 - - [27/Jul/2023:09:14:35 +0000] "POST /api/users/add-to-wishlist HTTP/1.1" 200 272 "-" "PostmanRuntime/7.32.3"
::1 - - [27/Jul/2023:09:14:49 +0000] "GET /api/users/purchase HTTP/1.1" 200 55 "-" "PostmanRuntime/7.32.3"
::1 - - [27/Jul/2023:09:15:41 +0000] "POST /api/users/add-to-wishlist HTTP/1.1" 200 152 "-" "PostmanRuntime/7.32.3"
::1 - - [27/Jul/2023:09:15:47 +0000] "GET /api/users/add-to-wishlist HTTP/1.1" 200 243 "-" "PostmanRuntime/7.32.3"
::1 - - [27/Jul/2023:09:16:04 +0000] "GET /api/users/purchase HTTP/1.1" 200 55 "-" "PostmanRuntime/7.32.3"
::1 - - [27/Jul/2023:09:17:31 +0000] "POST /api/users/add-to-wishlist HTTP/1.1" 500 66 "-" "PostmanRuntime/7.32.3"
::1 - - [27/Jul/2023:09:17:42 +0000] "POST /api/users/add-to-wishlist HTTP/1.1" 500 66 "-" "PostmanRuntime/7.32.3"
::1 - - [27/Jul/2023:09:17:59 +0000] "POST /api/users/add-to-wishlist HTTP/1.1" 200 139 "-" "PostmanRuntime/7.32.3"
::1 - - [27/Jul/2023:09:18:11 +0000] "POST /api/users/add-to-wishlist HTTP/1.1" 200 253 "-" "PostmanRuntime/7.32.3"
::1 - - [27/Jul/2023:09:18:50 +0000] "GET /api/users/purchase HTTP/1.1" 200 61 "-" "PostmanRuntime/7.32.3"
::1 - - [27/Jul/2023:09:19:58 +0000] "POST /api/users/add-to-wishlist HTTP/1.1" 200 149 "-" "PostmanRuntime/7.32.3"
::1 - - [27/Jul/2023:09:20:34 +0000] "POST /api/users/add-to-wishlist HTTP/1.1" 200 268 "-" "PostmanRuntime/7.32.3"
::1 - - [27/Jul/2023:09:20:42 +0000] "GET /api/users/purchase HTTP/1.1" 200 61 "-" "PostmanRuntime/7.32.3"
::1 - - [27/Jul/2023:09:22:00 +0000] "POST /api/users/add-to-wishlist HTTP/1.1" 200 149 "-" "PostmanRuntime/7.32.3"
::1 - - [27/Jul/2023:09:22:53 +0000] "DELETE /api/users/add-to-wishlist/64c237388c06af590a604af3 HTTP/1.1" 404 71 "-" "PostmanRuntime/7.32.3"
::1 - - [27/Jul/2023:09:22:58 +0000] "DELETE /api/users/add-to-wishlist/64c237388c06af590a604af3 HTTP/1.1" 404 71 "-" "PostmanRuntime/7.32.3"
::1 - - [27/Jul/2023:09:24:17 +0000] "DELETE /api/users/add-to-wishlist/64c237388c06af590a604af3 HTTP/1.1" 200 26 "-" "PostmanRuntime/7.32.3"
::1 - - [27/Jul/2023:09:24:51 +0000] "DELETE /api/users/add-to-wishlist/64c237388c06af590a604af3 HTTP/1.1" 200 26 "-" "PostmanRuntime/7.32.3"
::1 - - [27/Jul/2023:09:25:42 +0000] "POST /api/users/add-to-wishlist HTTP/1.1" 200 149 "-" "PostmanRuntime/7.32.3"
::1 - - [27/Jul/2023:09:26:20 +0000] "DELETE /api/users/add-to-wishlist/64c238167f023c3c286d307f HTTP/1.1" 404 71 "-" "PostmanRuntime/7.32.3"
::1 - - [27/Jul/2023:09:26:58 +0000] "DELETE /api/users/add-to-wishlist/64c238167f023c3c286d307f HTTP/1.1" 200 26 "-" "PostmanRuntime/7.32.3"
::1 - - [27/Jul/2023:09:27:10 +0000] "DELETE /api/users/add-to-wishlist/64c238167f023c3c286d307f HTTP/1.1" 404 71 "-" "PostmanRuntime/7.32.3"
::1 - - [27/Jul/2023:09:27:28 +0000] "DELETE /api/users/add-to-wishlist/64c238167f023c3c286d307f HTTP/1.1" 200 26 "-" "PostmanRuntime/7.32.3"
::1 - - [27/Jul/2023:09:27:54 +0000] "POST /api/users/add-to-wishlist HTTP/1.1" 200 149 "-" "PostmanRuntime/7.32.3"
::1 - - [27/Jul/2023:09:28:52 +0000] "DELETE /api/users/add-to-wishlist/64c238167f023c3c286d307f HTTP/1.1" 200 26 "-" "PostmanRuntime/7.32.3"
::1 - - [27/Jul/2023:09:29:32 +0000] "POST /api/users/add-to-wishlist HTTP/1.1" 500 92 "-" "PostmanRuntime/7.32.3"
::1 - - [27/Jul/2023:09:30:00 +0000] "POST /api/users/add-to-wishlist HTTP/1.1" 200 149 "-" "PostmanRuntime/7.32.3"
::1 - - [27/Jul/2023:09:30:14 +0000] "DELETE /api/users/add-to-wishlist/64c239180c092ed614c256bd HTTP/1.1" 200 139 "-" "PostmanRuntime/7.32.3"
::1 - - [27/Jul/2023:09:30:43 +0000] "DELETE /api/users/add-to-wishlist/64c239180c092ed614c256bd HTTP/1.1" 200 16 "-" "PostmanRuntime/7.32.3"
::1 - - [27/Jul/2023:09:31:26 +0000] "DELETE /api/users/add-to-wishlist/64c239180c092ed614c256bd HTTP/1.1" 200 16 "-" "PostmanRuntime/7.32.3"
::1 - - [27/Jul/2023:09:31:32 +0000] "DELETE /api/users/add-to-wishlist/64c239180c092ed614c256bd HTTP/1.1" 200 16 "-" "PostmanRuntime/7.32.3"
::1 - - [27/Jul/2023:09:31:52 +0000] "DELETE /api/users/add-to-wishlist/64c239180c092ed614c256bd HTTP/1.1" 200 16 "-" "PostmanRuntime/7.32.3"
::1 - - [27/Jul/2023:09:32:02 +0000] "DELETE /api/users/add-to-wishlist/64c239180c092ed614c256bd HTTP/1.1" 200 16 "-" "PostmanRuntime/7.32.3"
::1 - - [27/Jul/2023:09:32:19 +0000] "DELETE /api/users/add-to-wishlist/64c239180c092ed614c256bd HTTP/1.1" 200 16 "-" "PostmanRuntime/7.32.3"
::1 - - [27/Jul/2023:09:32:25 +0000] "DELETE /api/users/add-to-wishlist/64c239180c092ed614c256bd HTTP/1.1" 200 16 "-" "PostmanRuntime/7.32.3"
::1 - - [27/Jul/2023:09:32:49 +0000] "DELETE /api/users/add-to-wishlist/64c239180c092ed614c256bd HTTP/1.1" 200 16 "-" "PostmanRuntime/7.32.3"
::1 - - [27/Jul/2023:09:33:24 +0000] "POST /api/users/add-to-wishlist HTTP/1.1" 200 149 "-" "PostmanRuntime/7.32.3"
::1 - - [27/Jul/2023:09:33:36 +0000] "POST /api/users/add-to-wishlist HTTP/1.1" 200 149 "-" "PostmanRuntime/7.32.3"
::1 - - [27/Jul/2023:09:34:06 +0000] "DELETE /api/users/add-to-wishlist/64c2310bd63fa8f2b78c2b56 HTTP/1.1" 200 16 "-" "PostmanRuntime/7.32.3"
::1 - - [27/Jul/2023:09:34:20 +0000] "DELETE /api/users/add-to-wishlist/64c2310bd63fa8f2b78c2b56 HTTP/1.1" 200 16 "-" "PostmanRuntime/7.32.3"
::1 - - [27/Jul/2023:09:34:32 +0000] "DELETE /api/users/add-to-wishlist/64c2310bd63fa8f2b78c2b56 HTTP/1.1" 200 26 "-" "PostmanRuntime/7.32.3"
::1 - - [27/Jul/2023:09:34:36 +0000] "POST /api/users/add-to-wishlist HTTP/1.1" 200 149 "-" "PostmanRuntime/7.32.3"
::1 - - [27/Jul/2023:09:35:10 +0000] "POST /api/users/add-to-wishlist HTTP/1.1" 200 263 "-" "PostmanRuntime/7.32.3"
::1 - - [27/Jul/2023:09:35:17 +0000] "GET /api/users/purchase HTTP/1.1" 200 131 "-" "PostmanRuntime/7.32.3"
::1 - - [27/Jul/2023:09:36:17 +0000] "POST /api/users/add-to-wishlist HTTP/1.1" 500 92 "-" "PostmanRuntime/7.32.3"
::1 - - [27/Jul/2023:09:37:57 +0000] "POST /api/users/add-to-wishlist HTTP/1.1" 200 149 "-" "PostmanRuntime/7.32.3"
::1 - - [27/Jul/2023:09:38:13 +0000] "POST /api/users/add-to-wishlist HTTP/1.1" 200 149 "-" "PostmanRuntime/7.32.3"
::1 - - [27/Jul/2023:09:38:42 +0000] "POST /api/users/add-to-wishlist HTTP/1.1" 200 263 "-" "PostmanRuntime/7.32.3"
::1 - - [27/Jul/2023:09:40:59 +0000] "DELETE /api/users/add-to-wishlist/64bfccf129d82b06780e9594 HTTP/1.1" 200 139 "-" "PostmanRuntime/7.32.3"
::1 - - [27/Jul/2023:09:41:09 +0000] "DELETE /api/users/add-to-wishlist/64bfccf129d82b06780e9594 HTTP/1.1" 404 71 "-" "PostmanRuntime/7.32.3"
::1 - - [27/Jul/2023:09:41:18 +0000] "DELETE /api/users/add-to-wishlist/64c2310bd63fa8f2b78c2b56 HTTP/1.1" 200 26 "-" "PostmanRuntime/7.32.3"
::1 - - [27/Jul/2023:09:41:21 +0000] "POST /api/users/add-to-wishlist HTTP/1.1" 200 149 "-" "PostmanRuntime/7.32.3"
::1 - - [27/Jul/2023:09:42:58 +0000] "DELETE /api/users/add-to-wishlist/64c2310bd63fa8f2b78c2b56 HTTP/1.1" 200 26 "-" "PostmanRuntime/7.32.3"
::1 - - [27/Jul/2023:09:43:06 +0000] "GET /api/users/add-to-wishlist HTTP/1.1" 200 117 "-" "PostmanRuntime/7.32.3"
::1 - - [27/Jul/2023:09:43:11 +0000] "POST /api/users/add-to-wishlist HTTP/1.1" 200 149 "-" "PostmanRuntime/7.32.3"
::1 - - [27/Jul/2023:09:43:38 +0000] "DELETE /api/users/add-to-wishlist/64c2310bd63fa8f2b78c2b56 HTTP/1.1" 200 26 "-" "PostmanRuntime/7.32.3"
::1 - - [27/Jul/2023:09:49:01 +0000] "POST /api/users/add-to-wishlist HTTP/1.1" 200 149 "-" "PostmanRuntime/7.32.3"
::1 - - [27/Jul/2023:09:49:44 +0000] "DELETE /api/users/add-to-wishlist/64c2310bd63fa8f2b78c2b56 HTTP/1.1" 200 26 "-" "PostmanRuntime/7.32.3"
::1 - - [27/Jul/2023:10:28:41 +0000] "GET /api/users/add-to-wishlist HTTP/1.1" 200 117 "-" "PostmanRuntime/7.32.3"
::1 - - [27/Jul/2023:10:28:45 +0000] "POST /api/users/add-to-wishlist HTTP/1.1" 200 149 "-" "PostmanRuntime/7.32.3"
::1 - - [27/Jul/2023:10:30:03 +0000] "POST /api/users/add-to-wishlist HTTP/1.1" 200 269 "-" "PostmanRuntime/7.32.3"
::1 - - [27/Jul/2023:10:30:22 +0000] "POST /api/users/add-to-wishlist HTTP/1.1" 200 275 "-" "PostmanRuntime/7.32.3"
::1 - - [27/Jul/2023:10:33:45 +0000] "GET /api/users/add-to-wishlist HTTP/1.1" 200 344 "-" "PostmanRuntime/7.32.3"
::1 - - [27/Jul/2023:10:35:34 +0000] "DELETE /api/users/add-to-wishlist/64c2310bd63fa8f2b78c2b56 HTTP/1.1" 200 139 "-" "PostmanRuntime/7.32.3"
::1 - - [27/Jul/2023:10:35:37 +0000] "GET /api/users/add-to-wishlist HTTP/1.1" 200 233 "-" "PostmanRuntime/7.32.3"
::1 - - [27/Jul/2023:10:35:52 +0000] "GET /api/users/add-to-wishlist HTTP/1.1" 200 255 "-" "PostmanRuntime/7.32.3"
::1 - - [27/Jul/2023:10:36:06 +0000] "DELETE /api/users/add-to-wishlist/64c23106d63fa8f2b78c2b4f HTTP/1.1" 200 26 "-" "PostmanRuntime/7.32.3"
::1 - - [27/Jul/2023:10:36:11 +0000] "POST /api/users/add-to-wishlist HTTP/1.1" 200 149 "-" "PostmanRuntime/7.32.3"
::1 - - [27/Jul/2023:10:36:14 +0000] "GET /api/users/add-to-wishlist HTTP/1.1" 200 256 "-" "PostmanRuntime/7.32.3"
::1 - - [27/Jul/2023:10:37:29 +0000] "DELETE /api/users/add-to-wishlist/64c2310bd63fa8f2b78c2b56 HTTP/1.1" 200 26 "-" "PostmanRuntime/7.32.3"
::1 - - [27/Jul/2023:10:37:33 +0000] "POST /api/users/add-to-wishlist HTTP/1.1" 200 149 "-" "PostmanRuntime/7.32.3"
::1 - - [27/Jul/2023:10:37:57 +0000] "DELETE /api/users/add-to-wishlist/64c2310bd63fa8f2b78c2b56 HTTP/1.1" 200 26 "-" "PostmanRuntime/7.32.3"
::1 - - [27/Jul/2023:10:38:23 +0000] "POST /api/users/add-to-wishlist HTTP/1.1" 200 149 "-" "PostmanRuntime/7.32.3"
::1 - - [27/Jul/2023:10:39:01 +0000] "DELETE /api/users/add-to-wishlist/64c2310bd63fa8f2b78c2b56 HTTP/1.1" 200 26 "-" "PostmanRuntime/7.32.3"
::1 - - [27/Jul/2023:10:39:06 +0000] "POST /api/users/add-to-wishlist HTTP/1.1" 200 149 "-" "PostmanRuntime/7.32.3"
::1 - - [27/Jul/2023:10:39:27 +0000] "DELETE /api/users/add-to-wishlist/64c2310bd63fa8f2b78c2b56 HTTP/1.1" 200 26 "-" "PostmanRuntime/7.32.3"
::1 - - [27/Jul/2023:10:39:30 +0000] "POST /api/users/add-to-wishlist HTTP/1.1" 200 149 "-" "PostmanRuntime/7.32.3"
::1 - - [27/Jul/2023:10:39:43 +0000] "DELETE /api/users/add-to-wishlist/64c2310bd63fa8f2b78c2b56 HTTP/1.1" 200 26 "-" "PostmanRuntime/7.32.3"
::1 - - [27/Jul/2023:10:40:00 +0000] "GET /api/users/add-to-wishlist HTTP/1.1" 200 134 "-" "PostmanRuntime/7.32.3"
::1 - - [27/Jul/2023:10:40:07 +0000] "POST /api/users/add-to-wishlist HTTP/1.1" 200 155 "-" "PostmanRuntime/7.32.3"
::1 - - [27/Jul/2023:10:40:37 +0000] "POST /api/users/add-to-wishlist HTTP/1.1" 200 155 "-" "PostmanRuntime/7.32.3"
::1 - - [27/Jul/2023:10:40:53 +0000] "POST /api/users/add-to-wishlist HTTP/1.1" 200 176 "-" "PostmanRuntime/7.32.3"
::1 - - [27/Jul/2023:10:42:24 +0000] "POST /api/users/add-to-wishlist HTTP/1.1" 200 176 "-" "PostmanRuntime/7.32.3"
::1 - - [27/Jul/2023:10:43:08 +0000] "GET /api/users/add-to-wishlist HTTP/1.1" 500 91 "-" "PostmanRuntime/7.32.3"
::1 - - [27/Jul/2023:10:43:31 +0000] "GET /api/users/add-to-wishlist HTTP/1.1" 200 256 "-" "PostmanRuntime/7.32.3"
::1 - - [27/Jul/2023:10:44:48 +0000] "DELETE /api/users/add-to-wishlist/64c2310bd63fa8f2b78c2b56 HTTP/1.1" 200 139 "-" "PostmanRuntime/7.32.3"
::1 - - [27/Jul/2023:10:54:19 +0000] "POST /api/users/add-to-wishlist HTTP/1.1" 200 175 "-" "PostmanRuntime/7.32.3"
::1 - - [27/Jul/2023:10:54:26 +0000] "POST /api/users/add-to-wishlist HTTP/1.1" 200 296 "-" "PostmanRuntime/7.32.3"
::1 - - [27/Jul/2023:10:54:33 +0000] "GET /api/users/purchase HTTP/1.1" 404 157 "-" "PostmanRuntime/7.32.3"
::1 - - [27/Jul/2023:10:54:39 +0000] "POST /api/users/purchase HTTP/1.1" 200 61 "-" "PostmanRuntime/7.32.3"
::1 - - [28/Jul/2023:02:18:35 +0000] "GET /api/category/?sort=name%20%20slug&limit=2&page=1 HTTP/1.1" 200 493 "-" "PostmanRuntime/7.32.3"
::1 - - [28/Jul/2023:02:18:50 +0000] "GET /api/subcategory HTTP/1.1" 200 1194 "-" "PostmanRuntime/7.32.3"
::1 - - [28/Jul/2023:02:19:13 +0000] "GET /api/product HTTP/1.1" 200 21221 "-" "PostmanRuntime/7.32.3"
::1 - - [28/Jul/2023:02:19:38 +0000] "GET /api/product/64bf9ae0157a471e40844f7b HTTP/1.1" 200 2352 "-" "PostmanRuntime/7.32.3"
::1 - - [28/Jul/2023:02:20:01 +0000] "POST /api/users/add-to-wishlist HTTP/1.1" 200 329 "-" "PostmanRuntime/7.32.3"
::1 - - [28/Jul/2023:02:20:12 +0000] "POST /api/users/add-to-wishlist HTTP/1.1" 200 329 "-" "PostmanRuntime/7.32.3"
::1 - - [28/Jul/2023:02:20:20 +0000] "GET /api/users/add-to-wishlist HTTP/1.1" 200 409 "-" "PostmanRuntime/7.32.3"
::1 - - [28/Jul/2023:02:20:33 +0000] "POST /api/users/purchase HTTP/1.1" 200 208 "-" "PostmanRuntime/7.32.3"
::1 - - [28/Jul/2023:02:20:37 +0000] "POST /api/users/purchase HTTP/1.1" 400 63 "-" "PostmanRuntime/7.32.3"
::1 - - [28/Jul/2023:02:21:38 +0000] "GET /api/product HTTP/1.1" 200 21221 "-" "PostmanRuntime/7.32.3"
::1 - - [28/Jul/2023:02:31:32 +0000] "POST /api/users//forget-password HTTP/1.1" 200 72 "-" "PostmanRuntime/7.32.3"
::1 - - [28/Jul/2023:02:31:51 +0000] "GET /reset-password HTTP/1.1" 404 153 "-" "Mozilla/5.0 (Macintosh; Intel Mac OS X 10_15_7) AppleWebKit/537.36 (KHTML, like Gecko) Chrome/114.0.0.0 Safari/537.36"
::1 - - [28/Jul/2023:02:32:03 +0000] "POST /api/users//reset-password HTTP/1.1" 200 611 "-" "PostmanRuntime/7.32.3"
::1 - - [28/Jul/2023:03:35:32 +0000] "GET /api/category/ HTTP/1.1" 200 900 "-" "PostmanRuntime/7.32.3"
::1 - - [28/Jul/2023:03:35:51 +0000] "GET /api/product HTTP/1.1" 200 21221 "-" "PostmanRuntime/7.32.3"
::1 - - [28/Jul/2023:03:35:57 +0000] "GET /api/subcategory HTTP/1.1" 200 1194 "-" "PostmanRuntime/7.32.3"
::1 - - [28/Jul/2023:03:35:59 +0000] "GET /api/subcategory HTTP/1.1" 200 1194 "-" "PostmanRuntime/7.32.3"
::1 - - [28/Jul/2023:03:36:22 +0000] "GET /api/product/64bdf576cbaefd6497a84279 HTTP/1.1" 400 127 "-" "PostmanRuntime/7.32.3"
::1 - - [28/Jul/2023:03:36:35 +0000] "GET /api/subcategory/64bdf576cbaefd6497a84279/product HTTP/1.1" 200 21174 "-" "PostmanRuntime/7.32.3"
::1 - - [28/Jul/2023:03:36:47 +0000] "GET /api/product/64bfba81949fd6da6616ddbb HTTP/1.1" 200 6853 "-" "PostmanRuntime/7.32.3"
::1 - - [28/Jul/2023:03:36:50 +0000] "GET /api/product/64bfba81949fd6da6616ddbb HTTP/1.1" 200 6853 "-" "PostmanRuntime/7.32.3"
::1 - - [28/Jul/2023:03:37:01 +0000] "POST /api/users/add-to-wishlist HTTP/1.1" 200 211 "-" "PostmanRuntime/7.32.3"
::1 - - [28/Jul/2023:03:37:07 +0000] "POST /api/users/add-to-wishlist HTTP/1.1" 200 211 "-" "PostmanRuntime/7.32.3"
::1 - - [28/Jul/2023:03:37:16 +0000] "POST /api/users/purchase HTTP/1.1" 200 90 "-" "PostmanRuntime/7.32.3"
::1 - - [28/Jul/2023:03:37:26 +0000] "GET /api/product/64bfba81949fd6da6616ddbb HTTP/1.1" 200 6853 "-" "PostmanRuntime/7.32.3"
::1 - - [28/Jul/2023:03:37:45 +0000] "POST /api/users/add-to-wishlist HTTP/1.1" 200 211 "-" "PostmanRuntime/7.32.3"
::1 - - [28/Jul/2023:03:37:49 +0000] "POST /api/users/purchase HTTP/1.1" 200 90 "-" "PostmanRuntime/7.32.3"
::1 - - [28/Jul/2023:03:37:54 +0000] "GET /api/product/64bfba81949fd6da6616ddbb HTTP/1.1" 200 6852 "-" "PostmanRuntime/7.32.3"
::1 - - [28/Jul/2023:03:38:39 +0000] "POST /api/users/add-to-wishlist HTTP/1.1" 200 211 "-" "PostmanRuntime/7.32.3"
::1 - - [28/Jul/2023:03:38:44 +0000] "POST /api/users/purchase HTTP/1.1" 200 90 "-" "PostmanRuntime/7.32.3"
::1 - - [28/Jul/2023:03:38:53 +0000] "GET /api/product/64bfba81949fd6da6616ddbb HTTP/1.1" 200 6853 "-" "PostmanRuntime/7.32.3"
